2023-03-10 15:02:04 notice: strpos(): Passing null to parameter #1 ($haystack) of type string is deprecated
Request URL: /about
Client IP: 67.187.138.105
Trace:
strpos [internal], line ??
include /home/jessie/Projects/FlawlessPools/BillingPortal/vendor/cakephp/cakephp/templates/Error/missing_controller.php, line 24
Cake\View\View::_evaluate() /home/jessie/Projects/FlawlessPools/BillingPortal/vendor/cakephp/cakephp/src/View/View.php, line 1220
Cake\View\View::_render() /home/jessie/Projects/FlawlessPools/BillingPortal/vendor/cakephp/cakephp/src/View/View.php, line 1177
Cake\View\View::render() /home/jessie/Projects/FlawlessPools/BillingPortal/vendor/cakephp/cakephp/src/View/View.php, line 808
Cake\Controller\Controller::render() /home/jessie/Projects/FlawlessPools/BillingPortal/vendor/cakephp/cakephp/src/Controller/Controller.php, line 773
Cake\Error\Renderer\WebExceptionRenderer::_outputMessage() /home/jessie/Projects/FlawlessPools/BillingPortal/vendor/cakephp/cakephp/src/Error/Renderer/WebExceptionRenderer.php, line 421
Cake\Error\Renderer\WebExceptionRenderer::render() /home/jessie/Projects/FlawlessPools/BillingPortal/vendor/cakephp/cakephp/src/Error/Renderer/WebExceptionRenderer.php, line 292
Cake\Error\Middleware\ErrorHandlerMiddleware::handleException() /home/jessie/Projects/FlawlessPools/BillingPortal/vendor/cakephp/cakephp/src/Error/Middleware/ErrorHandlerMiddleware.php, line 162
Cake\Error\Middleware\ErrorHandlerMiddleware::process() /home/jessie/Projects/FlawlessPools/BillingPortal/vendor/cakephp/cakephp/src/Error/Middleware/ErrorHandlerMiddleware.php, line 135
Cake\Http\Runner::handle() /home/jessie/Projects/FlawlessPools/BillingPortal/vendor/cakephp/cakephp/src/Http/Runner.php, line 82
Cake\Http\Runner::run() /home/jessie/Projects/FlawlessPools/BillingPortal/vendor/cakephp/cakephp/src/Http/Runner.php, line 67
Cake\Http\Server::run() /home/jessie/Projects/FlawlessPools/BillingPortal/vendor/cakephp/cakephp/src/Http/Server.php, line 90
[main] /home/jessie/Projects/FlawlessPools/BillingPortal/webroot/index.php, line 40

2023-03-10 15:02:04 notice: strpos(): Passing null to parameter #1 ($haystack) of type string is deprecated
Request URL: /about
Client IP: 67.187.138.105
Trace:
strpos [internal], line ??
include /home/jessie/Projects/FlawlessPools/BillingPortal/vendor/cakephp/cakephp/templates/Error/missing_controller.php, line 24
Cake\View\View::_evaluate() /home/jessie/Projects/FlawlessPools/BillingPortal/vendor/cakephp/cakephp/src/View/View.php, line 1220
Cake\View\View::_render() /home/jessie/Projects/FlawlessPools/BillingPortal/vendor/cakephp/cakephp/src/View/View.php, line 1177
Cake\View\View::render() /home/jessie/Projects/FlawlessPools/BillingPortal/vendor/cakephp/cakephp/src/View/View.php, line 808
Cake\Controller\Controller::render() /home/jessie/Projects/FlawlessPools/BillingPortal/vendor/cakephp/cakephp/src/Controller/Controller.php, line 773
Cake\Error\Renderer\WebExceptionRenderer::_outputMessage() /home/jessie/Projects/FlawlessPools/BillingPortal/vendor/cakephp/cakephp/src/Error/Renderer/WebExceptionRenderer.php, line 421
Cake\Error\Renderer\WebExceptionRenderer::render() /home/jessie/Projects/FlawlessPools/BillingPortal/vendor/cakephp/cakephp/src/Error/Renderer/WebExceptionRenderer.php, line 292
Cake\Error\Middleware\ErrorHandlerMiddleware::handleException() /home/jessie/Projects/FlawlessPools/BillingPortal/vendor/cakephp/cakephp/src/Error/Middleware/ErrorHandlerMiddleware.php, line 162
Cake\Error\Middleware\ErrorHandlerMiddleware::process() /home/jessie/Projects/FlawlessPools/BillingPortal/vendor/cakephp/cakephp/src/Error/Middleware/ErrorHandlerMiddleware.php, line 135
Cake\Http\Runner::handle() /home/jessie/Projects/FlawlessPools/BillingPortal/vendor/cakephp/cakephp/src/Http/Runner.php, line 82
Cake\Http\Runner::run() /home/jessie/Projects/FlawlessPools/BillingPortal/vendor/cakephp/cakephp/src/Http/Runner.php, line 67
Cake\Http\Server::run() /home/jessie/Projects/FlawlessPools/BillingPortal/vendor/cakephp/cakephp/src/Http/Server.php, line 90
[main] /home/jessie/Projects/FlawlessPools/BillingPortal/webroot/index.php, line 40

2023-03-10 15:10:05 notice: strpos(): Passing null to parameter #1 ($haystack) of type string is deprecated
Request URL: /assets/img/mmd.png
Referer URL: http://198.74.51.219:8765/about
Client IP: 67.187.138.105
Trace:
strpos [internal], line ??
include /home/jessie/Projects/FlawlessPools/BillingPortal/vendor/cakephp/cakephp/templates/Error/missing_controller.php, line 24
Cake\View\View::_evaluate() /home/jessie/Projects/FlawlessPools/BillingPortal/vendor/cakephp/cakephp/src/View/View.php, line 1220
Cake\View\View::_render() /home/jessie/Projects/FlawlessPools/BillingPortal/vendor/cakephp/cakephp/src/View/View.php, line 1177
Cake\View\View::render() /home/jessie/Projects/FlawlessPools/BillingPortal/vendor/cakephp/cakephp/src/View/View.php, line 808
Cake\Controller\Controller::render() /home/jessie/Projects/FlawlessPools/BillingPortal/vendor/cakephp/cakephp/src/Controller/Controller.php, line 773
Cake\Error\Renderer\WebExceptionRenderer::_outputMessage() /home/jessie/Projects/FlawlessPools/BillingPortal/vendor/cakephp/cakephp/src/Error/Renderer/WebExceptionRenderer.php, line 421
Cake\Error\Renderer\WebExceptionRenderer::render() /home/jessie/Projects/FlawlessPools/BillingPortal/vendor/cakephp/cakephp/src/Error/Renderer/WebExceptionRenderer.php, line 292
Cake\Error\Middleware\ErrorHandlerMiddleware::handleException() /home/jessie/Projects/FlawlessPools/BillingPortal/vendor/cakephp/cakephp/src/Error/Middleware/ErrorHandlerMiddleware.php, line 162
Cake\Error\Middleware\ErrorHandlerMiddleware::process() /home/jessie/Projects/FlawlessPools/BillingPortal/vendor/cakephp/cakephp/src/Error/Middleware/ErrorHandlerMiddleware.php, line 135
Cake\Http\Runner::handle() /home/jessie/Projects/FlawlessPools/BillingPortal/vendor/cakephp/cakephp/src/Http/Runner.php, line 82
Cake\Http\Runner::run() /home/jessie/Projects/FlawlessPools/BillingPortal/vendor/cakephp/cakephp/src/Http/Runner.php, line 67
Cake\Http\Server::run() /home/jessie/Projects/FlawlessPools/BillingPortal/vendor/cakephp/cakephp/src/Http/Server.php, line 90
[main] /home/jessie/Projects/FlawlessPools/BillingPortal/webroot/index.php, line 40

2023-03-10 15:10:05 notice: strpos(): Passing null to parameter #1 ($haystack) of type string is deprecated
Request URL: /assets/img/mmd.png
Referer URL: http://198.74.51.219:8765/about
Client IP: 67.187.138.105
Trace:
strpos [internal], line ??
include /home/jessie/Projects/FlawlessPools/BillingPortal/vendor/cakephp/cakephp/templates/Error/missing_controller.php, line 24
Cake\View\View::_evaluate() /home/jessie/Projects/FlawlessPools/BillingPortal/vendor/cakephp/cakephp/src/View/View.php, line 1220
Cake\View\View::_render() /home/jessie/Projects/FlawlessPools/BillingPortal/vendor/cakephp/cakephp/src/View/View.php, line 1177
Cake\View\View::render() /home/jessie/Projects/FlawlessPools/BillingPortal/vendor/cakephp/cakephp/src/View/View.php, line 808
Cake\Controller\Controller::render() /home/jessie/Projects/FlawlessPools/BillingPortal/vendor/cakephp/cakephp/src/Controller/Controller.php, line 773
Cake\Error\Renderer\WebExceptionRenderer::_outputMessage() /home/jessie/Projects/FlawlessPools/BillingPortal/vendor/cakephp/cakephp/src/Error/Renderer/WebExceptionRenderer.php, line 421
Cake\Error\Renderer\WebExceptionRenderer::render() /home/jessie/Projects/FlawlessPools/BillingPortal/vendor/cakephp/cakephp/src/Error/Renderer/WebExceptionRenderer.php, line 292
Cake\Error\Middleware\ErrorHandlerMiddleware::handleException() /home/jessie/Projects/FlawlessPools/BillingPortal/vendor/cakephp/cakephp/src/Error/Middleware/ErrorHandlerMiddleware.php, line 162
Cake\Error\Middleware\ErrorHandlerMiddleware::process() /home/jessie/Projects/FlawlessPools/BillingPortal/vendor/cakephp/cakephp/src/Error/Middleware/ErrorHandlerMiddleware.php, line 135
Cake\Http\Runner::handle() /home/jessie/Projects/FlawlessPools/BillingPortal/vendor/cakephp/cakephp/src/Http/Runner.php, line 82
Cake\Http\Runner::run() /home/jessie/Projects/FlawlessPools/BillingPortal/vendor/cakephp/cakephp/src/Http/Runner.php, line 67
Cake\Http\Server::run() /home/jessie/Projects/FlawlessPools/BillingPortal/vendor/cakephp/cakephp/src/Http/Server.php, line 90
[main] /home/jessie/Projects/FlawlessPools/BillingPortal/webroot/index.php, line 40

2023-03-10 15:16:58 notice: strpos(): Passing null to parameter #1 ($haystack) of type string is deprecated
Request URL: /assets/img/mmd.png
Referer URL: http://198.74.51.219:8765/
Client IP: 67.187.138.105
Trace:
strpos [internal], line ??
include /home/jessie/Projects/FlawlessPools/BillingPortal/vendor/cakephp/cakephp/templates/Error/missing_controller.php, line 24
Cake\View\View::_evaluate() /home/jessie/Projects/FlawlessPools/BillingPortal/vendor/cakephp/cakephp/src/View/View.php, line 1220
Cake\View\View::_render() /home/jessie/Projects/FlawlessPools/BillingPortal/vendor/cakephp/cakephp/src/View/View.php, line 1177
Cake\View\View::render() /home/jessie/Projects/FlawlessPools/BillingPortal/vendor/cakephp/cakephp/src/View/View.php, line 808
Cake\Controller\Controller::render() /home/jessie/Projects/FlawlessPools/BillingPortal/vendor/cakephp/cakephp/src/Controller/Controller.php, line 773
Cake\Error\Renderer\WebExceptionRenderer::_outputMessage() /home/jessie/Projects/FlawlessPools/BillingPortal/vendor/cakephp/cakephp/src/Error/Renderer/WebExceptionRenderer.php, line 421
Cake\Error\Renderer\WebExceptionRenderer::render() /home/jessie/Projects/FlawlessPools/BillingPortal/vendor/cakephp/cakephp/src/Error/Renderer/WebExceptionRenderer.php, line 292
Cake\Error\Middleware\ErrorHandlerMiddleware::handleException() /home/jessie/Projects/FlawlessPools/BillingPortal/vendor/cakephp/cakephp/src/Error/Middleware/ErrorHandlerMiddleware.php, line 162
Cake\Error\Middleware\ErrorHandlerMiddleware::process() /home/jessie/Projects/FlawlessPools/BillingPortal/vendor/cakephp/cakephp/src/Error/Middleware/ErrorHandlerMiddleware.php, line 135
Cake\Http\Runner::handle() /home/jessie/Projects/FlawlessPools/BillingPortal/vendor/cakephp/cakephp/src/Http/Runner.php, line 82
Cake\Http\Runner::run() /home/jessie/Projects/FlawlessPools/BillingPortal/vendor/cakephp/cakephp/src/Http/Runner.php, line 67
Cake\Http\Server::run() /home/jessie/Projects/FlawlessPools/BillingPortal/vendor/cakephp/cakephp/src/Http/Server.php, line 90
[main] /home/jessie/Projects/FlawlessPools/BillingPortal/webroot/index.php, line 40

2023-03-10 15:16:58 notice: strpos(): Passing null to parameter #1 ($haystack) of type string is deprecated
Request URL: /assets/img/mmd.png
Referer URL: http://198.74.51.219:8765/
Client IP: 67.187.138.105
Trace:
strpos [internal], line ??
include /home/jessie/Projects/FlawlessPools/BillingPortal/vendor/cakephp/cakephp/templates/Error/missing_controller.php, line 24
Cake\View\View::_evaluate() /home/jessie/Projects/FlawlessPools/BillingPortal/vendor/cakephp/cakephp/src/View/View.php, line 1220
Cake\View\View::_render() /home/jessie/Projects/FlawlessPools/BillingPortal/vendor/cakephp/cakephp/src/View/View.php, line 1177
Cake\View\View::render() /home/jessie/Projects/FlawlessPools/BillingPortal/vendor/cakephp/cakephp/src/View/View.php, line 808
Cake\Controller\Controller::render() /home/jessie/Projects/FlawlessPools/BillingPortal/vendor/cakephp/cakephp/src/Controller/Controller.php, line 773
Cake\Error\Renderer\WebExceptionRenderer::_outputMessage() /home/jessie/Projects/FlawlessPools/BillingPortal/vendor/cakephp/cakephp/src/Error/Renderer/WebExceptionRenderer.php, line 421
Cake\Error\Renderer\WebExceptionRenderer::render() /home/jessie/Projects/FlawlessPools/BillingPortal/vendor/cakephp/cakephp/src/Error/Renderer/WebExceptionRenderer.php, line 292
Cake\Error\Middleware\ErrorHandlerMiddleware::handleException() /home/jessie/Projects/FlawlessPools/BillingPortal/vendor/cakephp/cakephp/src/Error/Middleware/ErrorHandlerMiddleware.php, line 162
Cake\Error\Middleware\ErrorHandlerMiddleware::process() /home/jessie/Projects/FlawlessPools/BillingPortal/vendor/cakephp/cakephp/src/Error/Middleware/ErrorHandlerMiddleware.php, line 135
Cake\Http\Runner::handle() /home/jessie/Projects/FlawlessPools/BillingPortal/vendor/cakephp/cakephp/src/Http/Runner.php, line 82
Cake\Http\Runner::run() /home/jessie/Projects/FlawlessPools/BillingPortal/vendor/cakephp/cakephp/src/Http/Runner.php, line 67
Cake\Http\Server::run() /home/jessie/Projects/FlawlessPools/BillingPortal/vendor/cakephp/cakephp/src/Http/Server.php, line 90
[main] /home/jessie/Projects/FlawlessPools/BillingPortal/webroot/index.php, line 40

2023-03-10 15:16:59 notice: strpos(): Passing null to parameter #1 ($haystack) of type string is deprecated
Request URL: /assets/img/testimonial/steph.png
Referer URL: http://198.74.51.219:8765/
Client IP: 67.187.138.105
Trace:
strpos [internal], line ??
include /home/jessie/Projects/FlawlessPools/BillingPortal/vendor/cakephp/cakephp/templates/Error/missing_controller.php, line 24
Cake\View\View::_evaluate() /home/jessie/Projects/FlawlessPools/BillingPortal/vendor/cakephp/cakephp/src/View/View.php, line 1220
Cake\View\View::_render() /home/jessie/Projects/FlawlessPools/BillingPortal/vendor/cakephp/cakephp/src/View/View.php, line 1177
Cake\View\View::render() /home/jessie/Projects/FlawlessPools/BillingPortal/vendor/cakephp/cakephp/src/View/View.php, line 808
Cake\Controller\Controller::render() /home/jessie/Projects/FlawlessPools/BillingPortal/vendor/cakephp/cakephp/src/Controller/Controller.php, line 773
Cake\Error\Renderer\WebExceptionRenderer::_outputMessage() /home/jessie/Projects/FlawlessPools/BillingPortal/vendor/cakephp/cakephp/src/Error/Renderer/WebExceptionRenderer.php, line 421
Cake\Error\Renderer\WebExceptionRenderer::render() /home/jessie/Projects/FlawlessPools/BillingPortal/vendor/cakephp/cakephp/src/Error/Renderer/WebExceptionRenderer.php, line 292
Cake\Error\Middleware\ErrorHandlerMiddleware::handleException() /home/jessie/Projects/FlawlessPools/BillingPortal/vendor/cakephp/cakephp/src/Error/Middleware/ErrorHandlerMiddleware.php, line 162
Cake\Error\Middleware\ErrorHandlerMiddleware::process() /home/jessie/Projects/FlawlessPools/BillingPortal/vendor/cakephp/cakephp/src/Error/Middleware/ErrorHandlerMiddleware.php, line 135
Cake\Http\Runner::handle() /home/jessie/Projects/FlawlessPools/BillingPortal/vendor/cakephp/cakephp/src/Http/Runner.php, line 82
Cake\Http\Runner::run() /home/jessie/Projects/FlawlessPools/BillingPortal/vendor/cakephp/cakephp/src/Http/Runner.php, line 67
Cake\Http\Server::run() /home/jessie/Projects/FlawlessPools/BillingPortal/vendor/cakephp/cakephp/src/Http/Server.php, line 90
[main] /home/jessie/Projects/FlawlessPools/BillingPortal/webroot/index.php, line 40

2023-03-10 15:16:59 notice: strpos(): Passing null to parameter #1 ($haystack) of type string is deprecated
Request URL: /assets/img/testimonial/steph.png
Referer URL: http://198.74.51.219:8765/
Client IP: 67.187.138.105
Trace:
strpos [internal], line ??
include /home/jessie/Projects/FlawlessPools/BillingPortal/vendor/cakephp/cakephp/templates/Error/missing_controller.php, line 24
Cake\View\View::_evaluate() /home/jessie/Projects/FlawlessPools/BillingPortal/vendor/cakephp/cakephp/src/View/View.php, line 1220
Cake\View\View::_render() /home/jessie/Projects/FlawlessPools/BillingPortal/vendor/cakephp/cakephp/src/View/View.php, line 1177
Cake\View\View::render() /home/jessie/Projects/FlawlessPools/BillingPortal/vendor/cakephp/cakephp/src/View/View.php, line 808
Cake\Controller\Controller::render() /home/jessie/Projects/FlawlessPools/BillingPortal/vendor/cakephp/cakephp/src/Controller/Controller.php, line 773
Cake\Error\Renderer\WebExceptionRenderer::_outputMessage() /home/jessie/Projects/FlawlessPools/BillingPortal/vendor/cakephp/cakephp/src/Error/Renderer/WebExceptionRenderer.php, line 421
Cake\Error\Renderer\WebExceptionRenderer::render() /home/jessie/Projects/FlawlessPools/BillingPortal/vendor/cakephp/cakephp/src/Error/Renderer/WebExceptionRenderer.php, line 292
Cake\Error\Middleware\ErrorHandlerMiddleware::handleException() /home/jessie/Projects/FlawlessPools/BillingPortal/vendor/cakephp/cakephp/src/Error/Middleware/ErrorHandlerMiddleware.php, line 162
Cake\Error\Middleware\ErrorHandlerMiddleware::process() /home/jessie/Projects/FlawlessPools/BillingPortal/vendor/cakephp/cakephp/src/Error/Middleware/ErrorHandlerMiddleware.php, line 135
Cake\Http\Runner::handle() /home/jessie/Projects/FlawlessPools/BillingPortal/vendor/cakephp/cakephp/src/Http/Runner.php, line 82
Cake\Http\Runner::run() /home/jessie/Projects/FlawlessPools/BillingPortal/vendor/cakephp/cakephp/src/Http/Runner.php, line 67
Cake\Http\Server::run() /home/jessie/Projects/FlawlessPools/BillingPortal/vendor/cakephp/cakephp/src/Http/Server.php, line 90
[main] /home/jessie/Projects/FlawlessPools/BillingPortal/webroot/index.php, line 40

2023-03-10 15:17:01 notice: strpos(): Passing null to parameter #1 ($haystack) of type string is deprecated
Request URL: /about.html
Referer URL: http://198.74.51.219:8765/
Client IP: 67.187.138.105
Trace:
strpos [internal], line ??
include /home/jessie/Projects/FlawlessPools/BillingPortal/vendor/cakephp/cakephp/templates/Error/missing_controller.php, line 24
Cake\View\View::_evaluate() /home/jessie/Projects/FlawlessPools/BillingPortal/vendor/cakephp/cakephp/src/View/View.php, line 1220
Cake\View\View::_render() /home/jessie/Projects/FlawlessPools/BillingPortal/vendor/cakephp/cakephp/src/View/View.php, line 1177
Cake\View\View::render() /home/jessie/Projects/FlawlessPools/BillingPortal/vendor/cakephp/cakephp/src/View/View.php, line 808
Cake\Controller\Controller::render() /home/jessie/Projects/FlawlessPools/BillingPortal/vendor/cakephp/cakephp/src/Controller/Controller.php, line 773
Cake\Error\Renderer\WebExceptionRenderer::_outputMessage() /home/jessie/Projects/FlawlessPools/BillingPortal/vendor/cakephp/cakephp/src/Error/Renderer/WebExceptionRenderer.php, line 421
Cake\Error\Renderer\WebExceptionRenderer::render() /home/jessie/Projects/FlawlessPools/BillingPortal/vendor/cakephp/cakephp/src/Error/Renderer/WebExceptionRenderer.php, line 292
Cake\Error\Middleware\ErrorHandlerMiddleware::handleException() /home/jessie/Projects/FlawlessPools/BillingPortal/vendor/cakephp/cakephp/src/Error/Middleware/ErrorHandlerMiddleware.php, line 162
Cake\Error\Middleware\ErrorHandlerMiddleware::process() /home/jessie/Projects/FlawlessPools/BillingPortal/vendor/cakephp/cakephp/src/Error/Middleware/ErrorHandlerMiddleware.php, line 135
Cake\Http\Runner::handle() /home/jessie/Projects/FlawlessPools/BillingPortal/vendor/cakephp/cakephp/src/Http/Runner.php, line 82
Cake\Http\Runner::run() /home/jessie/Projects/FlawlessPools/BillingPortal/vendor/cakephp/cakephp/src/Http/Runner.php, line 67
Cake\Http\Server::run() /home/jessie/Projects/FlawlessPools/BillingPortal/vendor/cakephp/cakephp/src/Http/Server.php, line 90
[main] /home/jessie/Projects/FlawlessPools/BillingPortal/webroot/index.php, line 40

2023-03-10 15:17:01 notice: strpos(): Passing null to parameter #1 ($haystack) of type string is deprecated
Request URL: /about.html
Referer URL: http://198.74.51.219:8765/
Client IP: 67.187.138.105
Trace:
strpos [internal], line ??
include /home/jessie/Projects/FlawlessPools/BillingPortal/vendor/cakephp/cakephp/templates/Error/missing_controller.php, line 24
Cake\View\View::_evaluate() /home/jessie/Projects/FlawlessPools/BillingPortal/vendor/cakephp/cakephp/src/View/View.php, line 1220
Cake\View\View::_render() /home/jessie/Projects/FlawlessPools/BillingPortal/vendor/cakephp/cakephp/src/View/View.php, line 1177
Cake\View\View::render() /home/jessie/Projects/FlawlessPools/BillingPortal/vendor/cakephp/cakephp/src/View/View.php, line 808
Cake\Controller\Controller::render() /home/jessie/Projects/FlawlessPools/BillingPortal/vendor/cakephp/cakephp/src/Controller/Controller.php, line 773
Cake\Error\Renderer\WebExceptionRenderer::_outputMessage() /home/jessie/Projects/FlawlessPools/BillingPortal/vendor/cakephp/cakephp/src/Error/Renderer/WebExceptionRenderer.php, line 421
Cake\Error\Renderer\WebExceptionRenderer::render() /home/jessie/Projects/FlawlessPools/BillingPortal/vendor/cakephp/cakephp/src/Error/Renderer/WebExceptionRenderer.php, line 292
Cake\Error\Middleware\ErrorHandlerMiddleware::handleException() /home/jessie/Projects/FlawlessPools/BillingPortal/vendor/cakephp/cakephp/src/Error/Middleware/ErrorHandlerMiddleware.php, line 162
Cake\Error\Middleware\ErrorHandlerMiddleware::process() /home/jessie/Projects/FlawlessPools/BillingPortal/vendor/cakephp/cakephp/src/Error/Middleware/ErrorHandlerMiddleware.php, line 135
Cake\Http\Runner::handle() /home/jessie/Projects/FlawlessPools/BillingPortal/vendor/cakephp/cakephp/src/Http/Runner.php, line 82
Cake\Http\Runner::run() /home/jessie/Projects/FlawlessPools/BillingPortal/vendor/cakephp/cakephp/src/Http/Runner.php, line 67
Cake\Http\Server::run() /home/jessie/Projects/FlawlessPools/BillingPortal/vendor/cakephp/cakephp/src/Http/Server.php, line 90
[main] /home/jessie/Projects/FlawlessPools/BillingPortal/webroot/index.php, line 40

2023-03-10 15:19:18 notice: strpos(): Passing null to parameter #1 ($haystack) of type string is deprecated
Request URL: /about.html
Referer URL: http://198.74.51.219:8765/
Client IP: 67.187.138.105
Trace:
strpos [internal], line ??
include /home/jessie/Projects/FlawlessPools/BillingPortal/vendor/cakephp/cakephp/templates/Error/missing_controller.php, line 24
Cake\View\View::_evaluate() /home/jessie/Projects/FlawlessPools/BillingPortal/vendor/cakephp/cakephp/src/View/View.php, line 1220
Cake\View\View::_render() /home/jessie/Projects/FlawlessPools/BillingPortal/vendor/cakephp/cakephp/src/View/View.php, line 1177
Cake\View\View::render() /home/jessie/Projects/FlawlessPools/BillingPortal/vendor/cakephp/cakephp/src/View/View.php, line 808
Cake\Controller\Controller::render() /home/jessie/Projects/FlawlessPools/BillingPortal/vendor/cakephp/cakephp/src/Controller/Controller.php, line 773
Cake\Error\Renderer\WebExceptionRenderer::_outputMessage() /home/jessie/Projects/FlawlessPools/BillingPortal/vendor/cakephp/cakephp/src/Error/Renderer/WebExceptionRenderer.php, line 421
Cake\Error\Renderer\WebExceptionRenderer::render() /home/jessie/Projects/FlawlessPools/BillingPortal/vendor/cakephp/cakephp/src/Error/Renderer/WebExceptionRenderer.php, line 292
Cake\Error\Middleware\ErrorHandlerMiddleware::handleException() /home/jessie/Projects/FlawlessPools/BillingPortal/vendor/cakephp/cakephp/src/Error/Middleware/ErrorHandlerMiddleware.php, line 162
Cake\Error\Middleware\ErrorHandlerMiddleware::process() /home/jessie/Projects/FlawlessPools/BillingPortal/vendor/cakephp/cakephp/src/Error/Middleware/ErrorHandlerMiddleware.php, line 135
Cake\Http\Runner::handle() /home/jessie/Projects/FlawlessPools/BillingPortal/vendor/cakephp/cakephp/src/Http/Runner.php, line 82
Cake\Http\Runner::run() /home/jessie/Projects/FlawlessPools/BillingPortal/vendor/cakephp/cakephp/src/Http/Runner.php, line 67
Cake\Http\Server::run() /home/jessie/Projects/FlawlessPools/BillingPortal/vendor/cakephp/cakephp/src/Http/Server.php, line 90
[main] /home/jessie/Projects/FlawlessPools/BillingPortal/webroot/index.php, line 40

2023-03-10 15:19:18 notice: strpos(): Passing null to parameter #1 ($haystack) of type string is deprecated
Request URL: /about.html
Referer URL: http://198.74.51.219:8765/
Client IP: 67.187.138.105
Trace:
strpos [internal], line ??
include /home/jessie/Projects/FlawlessPools/BillingPortal/vendor/cakephp/cakephp/templates/Error/missing_controller.php, line 24
Cake\View\View::_evaluate() /home/jessie/Projects/FlawlessPools/BillingPortal/vendor/cakephp/cakephp/src/View/View.php, line 1220
Cake\View\View::_render() /home/jessie/Projects/FlawlessPools/BillingPortal/vendor/cakephp/cakephp/src/View/View.php, line 1177
Cake\View\View::render() /home/jessie/Projects/FlawlessPools/BillingPortal/vendor/cakephp/cakephp/src/View/View.php, line 808
Cake\Controller\Controller::render() /home/jessie/Projects/FlawlessPools/BillingPortal/vendor/cakephp/cakephp/src/Controller/Controller.php, line 773
Cake\Error\Renderer\WebExceptionRenderer::_outputMessage() /home/jessie/Projects/FlawlessPools/BillingPortal/vendor/cakephp/cakephp/src/Error/Renderer/WebExceptionRenderer.php, line 421
Cake\Error\Renderer\WebExceptionRenderer::render() /home/jessie/Projects/FlawlessPools/BillingPortal/vendor/cakephp/cakephp/src/Error/Renderer/WebExceptionRenderer.php, line 292
Cake\Error\Middleware\ErrorHandlerMiddleware::handleException() /home/jessie/Projects/FlawlessPools/BillingPortal/vendor/cakephp/cakephp/src/Error/Middleware/ErrorHandlerMiddleware.php, line 162
Cake\Error\Middleware\ErrorHandlerMiddleware::process() /home/jessie/Projects/FlawlessPools/BillingPortal/vendor/cakephp/cakephp/src/Error/Middleware/ErrorHandlerMiddleware.php, line 135
Cake\Http\Runner::handle() /home/jessie/Projects/FlawlessPools/BillingPortal/vendor/cakephp/cakephp/src/Http/Runner.php, line 82
Cake\Http\Runner::run() /home/jessie/Projects/FlawlessPools/BillingPortal/vendor/cakephp/cakephp/src/Http/Runner.php, line 67
Cake\Http\Server::run() /home/jessie/Projects/FlawlessPools/BillingPortal/vendor/cakephp/cakephp/src/Http/Server.php, line 90
[main] /home/jessie/Projects/FlawlessPools/BillingPortal/webroot/index.php, line 40

2023-03-10 15:19:21 notice: strpos(): Passing null to parameter #1 ($haystack) of type string is deprecated
Request URL: /about.html
Referer URL: http://198.74.51.219:8765/
Client IP: 67.187.138.105
Trace:
strpos [internal], line ??
include /home/jessie/Projects/FlawlessPools/BillingPortal/vendor/cakephp/cakephp/templates/Error/missing_controller.php, line 24
Cake\View\View::_evaluate() /home/jessie/Projects/FlawlessPools/BillingPortal/vendor/cakephp/cakephp/src/View/View.php, line 1220
Cake\View\View::_render() /home/jessie/Projects/FlawlessPools/BillingPortal/vendor/cakephp/cakephp/src/View/View.php, line 1177
Cake\View\View::render() /home/jessie/Projects/FlawlessPools/BillingPortal/vendor/cakephp/cakephp/src/View/View.php, line 808
Cake\Controller\Controller::render() /home/jessie/Projects/FlawlessPools/BillingPortal/vendor/cakephp/cakephp/src/Controller/Controller.php, line 773
Cake\Error\Renderer\WebExceptionRenderer::_outputMessage() /home/jessie/Projects/FlawlessPools/BillingPortal/vendor/cakephp/cakephp/src/Error/Renderer/WebExceptionRenderer.php, line 421
Cake\Error\Renderer\WebExceptionRenderer::render() /home/jessie/Projects/FlawlessPools/BillingPortal/vendor/cakephp/cakephp/src/Error/Renderer/WebExceptionRenderer.php, line 292
Cake\Error\Middleware\ErrorHandlerMiddleware::handleException() /home/jessie/Projects/FlawlessPools/BillingPortal/vendor/cakephp/cakephp/src/Error/Middleware/ErrorHandlerMiddleware.php, line 162
Cake\Error\Middleware\ErrorHandlerMiddleware::process() /home/jessie/Projects/FlawlessPools/BillingPortal/vendor/cakephp/cakephp/src/Error/Middleware/ErrorHandlerMiddleware.php, line 135
Cake\Http\Runner::handle() /home/jessie/Projects/FlawlessPools/BillingPortal/vendor/cakephp/cakephp/src/Http/Runner.php, line 82
Cake\Http\Runner::run() /home/jessie/Projects/FlawlessPools/BillingPortal/vendor/cakephp/cakephp/src/Http/Runner.php, line 67
Cake\Http\Server::run() /home/jessie/Projects/FlawlessPools/BillingPortal/vendor/cakephp/cakephp/src/Http/Server.php, line 90
[main] /home/jessie/Projects/FlawlessPools/BillingPortal/webroot/index.php, line 40

2023-03-10 15:19:21 notice: strpos(): Passing null to parameter #1 ($haystack) of type string is deprecated
Request URL: /about.html
Referer URL: http://198.74.51.219:8765/
Client IP: 67.187.138.105
Trace:
strpos [internal], line ??
include /home/jessie/Projects/FlawlessPools/BillingPortal/vendor/cakephp/cakephp/templates/Error/missing_controller.php, line 24
Cake\View\View::_evaluate() /home/jessie/Projects/FlawlessPools/BillingPortal/vendor/cakephp/cakephp/src/View/View.php, line 1220
Cake\View\View::_render() /home/jessie/Projects/FlawlessPools/BillingPortal/vendor/cakephp/cakephp/src/View/View.php, line 1177
Cake\View\View::render() /home/jessie/Projects/FlawlessPools/BillingPortal/vendor/cakephp/cakephp/src/View/View.php, line 808
Cake\Controller\Controller::render() /home/jessie/Projects/FlawlessPools/BillingPortal/vendor/cakephp/cakephp/src/Controller/Controller.php, line 773
Cake\Error\Renderer\WebExceptionRenderer::_outputMessage() /home/jessie/Projects/FlawlessPools/BillingPortal/vendor/cakephp/cakephp/src/Error/Renderer/WebExceptionRenderer.php, line 421
Cake\Error\Renderer\WebExceptionRenderer::render() /home/jessie/Projects/FlawlessPools/BillingPortal/vendor/cakephp/cakephp/src/Error/Renderer/WebExceptionRenderer.php, line 292
Cake\Error\Middleware\ErrorHandlerMiddleware::handleException() /home/jessie/Projects/FlawlessPools/BillingPortal/vendor/cakephp/cakephp/src/Error/Middleware/ErrorHandlerMiddleware.php, line 162
Cake\Error\Middleware\ErrorHandlerMiddleware::process() /home/jessie/Projects/FlawlessPools/BillingPortal/vendor/cakephp/cakephp/src/Error/Middleware/ErrorHandlerMiddleware.php, line 135
Cake\Http\Runner::handle() /home/jessie/Projects/FlawlessPools/BillingPortal/vendor/cakephp/cakephp/src/Http/Runner.php, line 82
Cake\Http\Runner::run() /home/jessie/Projects/FlawlessPools/BillingPortal/vendor/cakephp/cakephp/src/Http/Runner.php, line 67
Cake\Http\Server::run() /home/jessie/Projects/FlawlessPools/BillingPortal/vendor/cakephp/cakephp/src/Http/Server.php, line 90
[main] /home/jessie/Projects/FlawlessPools/BillingPortal/webroot/index.php, line 40

2023-03-10 15:19:35 notice: strpos(): Passing null to parameter #1 ($haystack) of type string is deprecated
Request URL: /assets/img/mmd.png
Referer URL: http://198.74.51.219:8765/
Client IP: 67.187.138.105
Trace:
strpos [internal], line ??
include /home/jessie/Projects/FlawlessPools/BillingPortal/vendor/cakephp/cakephp/templates/Error/missing_controller.php, line 24
Cake\View\View::_evaluate() /home/jessie/Projects/FlawlessPools/BillingPortal/vendor/cakephp/cakephp/src/View/View.php, line 1220
Cake\View\View::_render() /home/jessie/Projects/FlawlessPools/BillingPortal/vendor/cakephp/cakephp/src/View/View.php, line 1177
Cake\View\View::render() /home/jessie/Projects/FlawlessPools/BillingPortal/vendor/cakephp/cakephp/src/View/View.php, line 808
Cake\Controller\Controller::render() /home/jessie/Projects/FlawlessPools/BillingPortal/vendor/cakephp/cakephp/src/Controller/Controller.php, line 773
Cake\Error\Renderer\WebExceptionRenderer::_outputMessage() /home/jessie/Projects/FlawlessPools/BillingPortal/vendor/cakephp/cakephp/src/Error/Renderer/WebExceptionRenderer.php, line 421
Cake\Error\Renderer\WebExceptionRenderer::render() /home/jessie/Projects/FlawlessPools/BillingPortal/vendor/cakephp/cakephp/src/Error/Renderer/WebExceptionRenderer.php, line 292
Cake\Error\Middleware\ErrorHandlerMiddleware::handleException() /home/jessie/Projects/FlawlessPools/BillingPortal/vendor/cakephp/cakephp/src/Error/Middleware/ErrorHandlerMiddleware.php, line 162
Cake\Error\Middleware\ErrorHandlerMiddleware::process() /home/jessie/Projects/FlawlessPools/BillingPortal/vendor/cakephp/cakephp/src/Error/Middleware/ErrorHandlerMiddleware.php, line 135
Cake\Http\Runner::handle() /home/jessie/Projects/FlawlessPools/BillingPortal/vendor/cakephp/cakephp/src/Http/Runner.php, line 82
Cake\Http\Runner::run() /home/jessie/Projects/FlawlessPools/BillingPortal/vendor/cakephp/cakephp/src/Http/Runner.php, line 67
Cake\Http\Server::run() /home/jessie/Projects/FlawlessPools/BillingPortal/vendor/cakephp/cakephp/src/Http/Server.php, line 90
[main] /home/jessie/Projects/FlawlessPools/BillingPortal/webroot/index.php, line 40

2023-03-10 15:19:35 notice: strpos(): Passing null to parameter #1 ($haystack) of type string is deprecated
Request URL: /assets/img/mmd.png
Referer URL: http://198.74.51.219:8765/
Client IP: 67.187.138.105
Trace:
strpos [internal], line ??
include /home/jessie/Projects/FlawlessPools/BillingPortal/vendor/cakephp/cakephp/templates/Error/missing_controller.php, line 24
Cake\View\View::_evaluate() /home/jessie/Projects/FlawlessPools/BillingPortal/vendor/cakephp/cakephp/src/View/View.php, line 1220
Cake\View\View::_render() /home/jessie/Projects/FlawlessPools/BillingPortal/vendor/cakephp/cakephp/src/View/View.php, line 1177
Cake\View\View::render() /home/jessie/Projects/FlawlessPools/BillingPortal/vendor/cakephp/cakephp/src/View/View.php, line 808
Cake\Controller\Controller::render() /home/jessie/Projects/FlawlessPools/BillingPortal/vendor/cakephp/cakephp/src/Controller/Controller.php, line 773
Cake\Error\Renderer\WebExceptionRenderer::_outputMessage() /home/jessie/Projects/FlawlessPools/BillingPortal/vendor/cakephp/cakephp/src/Error/Renderer/WebExceptionRenderer.php, line 421
Cake\Error\Renderer\WebExceptionRenderer::render() /home/jessie/Projects/FlawlessPools/BillingPortal/vendor/cakephp/cakephp/src/Error/Renderer/WebExceptionRenderer.php, line 292
Cake\Error\Middleware\ErrorHandlerMiddleware::handleException() /home/jessie/Projects/FlawlessPools/BillingPortal/vendor/cakephp/cakephp/src/Error/Middleware/ErrorHandlerMiddleware.php, line 162
Cake\Error\Middleware\ErrorHandlerMiddleware::process() /home/jessie/Projects/FlawlessPools/BillingPortal/vendor/cakephp/cakephp/src/Error/Middleware/ErrorHandlerMiddleware.php, line 135
Cake\Http\Runner::handle() /home/jessie/Projects/FlawlessPools/BillingPortal/vendor/cakephp/cakephp/src/Http/Runner.php, line 82
Cake\Http\Runner::run() /home/jessie/Projects/FlawlessPools/BillingPortal/vendor/cakephp/cakephp/src/Http/Runner.php, line 67
Cake\Http\Server::run() /home/jessie/Projects/FlawlessPools/BillingPortal/vendor/cakephp/cakephp/src/Http/Server.php, line 90
[main] /home/jessie/Projects/FlawlessPools/BillingPortal/webroot/index.php, line 40

2023-03-10 15:19:35 notice: strpos(): Passing null to parameter #1 ($haystack) of type string is deprecated
Request URL: /assets/img/testimonial/steph.png
Referer URL: http://198.74.51.219:8765/
Client IP: 67.187.138.105
Trace:
strpos [internal], line ??
include /home/jessie/Projects/FlawlessPools/BillingPortal/vendor/cakephp/cakephp/templates/Error/missing_controller.php, line 24
Cake\View\View::_evaluate() /home/jessie/Projects/FlawlessPools/BillingPortal/vendor/cakephp/cakephp/src/View/View.php, line 1220
Cake\View\View::_render() /home/jessie/Projects/FlawlessPools/BillingPortal/vendor/cakephp/cakephp/src/View/View.php, line 1177
Cake\View\View::render() /home/jessie/Projects/FlawlessPools/BillingPortal/vendor/cakephp/cakephp/src/View/View.php, line 808
Cake\Controller\Controller::render() /home/jessie/Projects/FlawlessPools/BillingPortal/vendor/cakephp/cakephp/src/Controller/Controller.php, line 773
Cake\Error\Renderer\WebExceptionRenderer::_outputMessage() /home/jessie/Projects/FlawlessPools/BillingPortal/vendor/cakephp/cakephp/src/Error/Renderer/WebExceptionRenderer.php, line 421
Cake\Error\Renderer\WebExceptionRenderer::render() /home/jessie/Projects/FlawlessPools/BillingPortal/vendor/cakephp/cakephp/src/Error/Renderer/WebExceptionRenderer.php, line 292
Cake\Error\Middleware\ErrorHandlerMiddleware::handleException() /home/jessie/Projects/FlawlessPools/BillingPortal/vendor/cakephp/cakephp/src/Error/Middleware/ErrorHandlerMiddleware.php, line 162
Cake\Error\Middleware\ErrorHandlerMiddleware::process() /home/jessie/Projects/FlawlessPools/BillingPortal/vendor/cakephp/cakephp/src/Error/Middleware/ErrorHandlerMiddleware.php, line 135
Cake\Http\Runner::handle() /home/jessie/Projects/FlawlessPools/BillingPortal/vendor/cakephp/cakephp/src/Http/Runner.php, line 82
Cake\Http\Runner::run() /home/jessie/Projects/FlawlessPools/BillingPortal/vendor/cakephp/cakephp/src/Http/Runner.php, line 67
Cake\Http\Server::run() /home/jessie/Projects/FlawlessPools/BillingPortal/vendor/cakephp/cakephp/src/Http/Server.php, line 90
[main] /home/jessie/Projects/FlawlessPools/BillingPortal/webroot/index.php, line 40

2023-03-10 15:19:35 notice: strpos(): Passing null to parameter #1 ($haystack) of type string is deprecated
Request URL: /assets/img/testimonial/steph.png
Referer URL: http://198.74.51.219:8765/
Client IP: 67.187.138.105
Trace:
strpos [internal], line ??
include /home/jessie/Projects/FlawlessPools/BillingPortal/vendor/cakephp/cakephp/templates/Error/missing_controller.php, line 24
Cake\View\View::_evaluate() /home/jessie/Projects/FlawlessPools/BillingPortal/vendor/cakephp/cakephp/src/View/View.php, line 1220
Cake\View\View::_render() /home/jessie/Projects/FlawlessPools/BillingPortal/vendor/cakephp/cakephp/src/View/View.php, line 1177
Cake\View\View::render() /home/jessie/Projects/FlawlessPools/BillingPortal/vendor/cakephp/cakephp/src/View/View.php, line 808
Cake\Controller\Controller::render() /home/jessie/Projects/FlawlessPools/BillingPortal/vendor/cakephp/cakephp/src/Controller/Controller.php, line 773
Cake\Error\Renderer\WebExceptionRenderer::_outputMessage() /home/jessie/Projects/FlawlessPools/BillingPortal/vendor/cakephp/cakephp/src/Error/Renderer/WebExceptionRenderer.php, line 421
Cake\Error\Renderer\WebExceptionRenderer::render() /home/jessie/Projects/FlawlessPools/BillingPortal/vendor/cakephp/cakephp/src/Error/Renderer/WebExceptionRenderer.php, line 292
Cake\Error\Middleware\ErrorHandlerMiddleware::handleException() /home/jessie/Projects/FlawlessPools/BillingPortal/vendor/cakephp/cakephp/src/Error/Middleware/ErrorHandlerMiddleware.php, line 162
Cake\Error\Middleware\ErrorHandlerMiddleware::process() /home/jessie/Projects/FlawlessPools/BillingPortal/vendor/cakephp/cakephp/src/Error/Middleware/ErrorHandlerMiddleware.php, line 135
Cake\Http\Runner::handle() /home/jessie/Projects/FlawlessPools/BillingPortal/vendor/cakephp/cakephp/src/Http/Runner.php, line 82
Cake\Http\Runner::run() /home/jessie/Projects/FlawlessPools/BillingPortal/vendor/cakephp/cakephp/src/Http/Runner.php, line 67
Cake\Http\Server::run() /home/jessie/Projects/FlawlessPools/BillingPortal/vendor/cakephp/cakephp/src/Http/Server.php, line 90
[main] /home/jessie/Projects/FlawlessPools/BillingPortal/webroot/index.php, line 40

2023-03-10 15:20:13 notice: strpos(): Passing null to parameter #1 ($haystack) of type string is deprecated
Request URL: /assets/img/mmd.png
Referer URL: http://198.74.51.219:8765/
Client IP: 67.187.138.105
Trace:
strpos [internal], line ??
include /home/jessie/Projects/FlawlessPools/BillingPortal/vendor/cakephp/cakephp/templates/Error/missing_controller.php, line 24
Cake\View\View::_evaluate() /home/jessie/Projects/FlawlessPools/BillingPortal/vendor/cakephp/cakephp/src/View/View.php, line 1220
Cake\View\View::_render() /home/jessie/Projects/FlawlessPools/BillingPortal/vendor/cakephp/cakephp/src/View/View.php, line 1177
Cake\View\View::render() /home/jessie/Projects/FlawlessPools/BillingPortal/vendor/cakephp/cakephp/src/View/View.php, line 808
Cake\Controller\Controller::render() /home/jessie/Projects/FlawlessPools/BillingPortal/vendor/cakephp/cakephp/src/Controller/Controller.php, line 773
Cake\Error\Renderer\WebExceptionRenderer::_outputMessage() /home/jessie/Projects/FlawlessPools/BillingPortal/vendor/cakephp/cakephp/src/Error/Renderer/WebExceptionRenderer.php, line 421
Cake\Error\Renderer\WebExceptionRenderer::render() /home/jessie/Projects/FlawlessPools/BillingPortal/vendor/cakephp/cakephp/src/Error/Renderer/WebExceptionRenderer.php, line 292
Cake\Error\Middleware\ErrorHandlerMiddleware::handleException() /home/jessie/Projects/FlawlessPools/BillingPortal/vendor/cakephp/cakephp/src/Error/Middleware/ErrorHandlerMiddleware.php, line 162
Cake\Error\Middleware\ErrorHandlerMiddleware::process() /home/jessie/Projects/FlawlessPools/BillingPortal/vendor/cakephp/cakephp/src/Error/Middleware/ErrorHandlerMiddleware.php, line 135
Cake\Http\Runner::handle() /home/jessie/Projects/FlawlessPools/BillingPortal/vendor/cakephp/cakephp/src/Http/Runner.php, line 82
Cake\Http\Runner::run() /home/jessie/Projects/FlawlessPools/BillingPortal/vendor/cakephp/cakephp/src/Http/Runner.php, line 67
Cake\Http\Server::run() /home/jessie/Projects/FlawlessPools/BillingPortal/vendor/cakephp/cakephp/src/Http/Server.php, line 90
[main] /home/jessie/Projects/FlawlessPools/BillingPortal/webroot/index.php, line 40

2023-03-10 15:20:13 notice: strpos(): Passing null to parameter #1 ($haystack) of type string is deprecated
Request URL: /assets/img/mmd.png
Referer URL: http://198.74.51.219:8765/
Client IP: 67.187.138.105
Trace:
strpos [internal], line ??
include /home/jessie/Projects/FlawlessPools/BillingPortal/vendor/cakephp/cakephp/templates/Error/missing_controller.php, line 24
Cake\View\View::_evaluate() /home/jessie/Projects/FlawlessPools/BillingPortal/vendor/cakephp/cakephp/src/View/View.php, line 1220
Cake\View\View::_render() /home/jessie/Projects/FlawlessPools/BillingPortal/vendor/cakephp/cakephp/src/View/View.php, line 1177
Cake\View\View::render() /home/jessie/Projects/FlawlessPools/BillingPortal/vendor/cakephp/cakephp/src/View/View.php, line 808
Cake\Controller\Controller::render() /home/jessie/Projects/FlawlessPools/BillingPortal/vendor/cakephp/cakephp/src/Controller/Controller.php, line 773
Cake\Error\Renderer\WebExceptionRenderer::_outputMessage() /home/jessie/Projects/FlawlessPools/BillingPortal/vendor/cakephp/cakephp/src/Error/Renderer/WebExceptionRenderer.php, line 421
Cake\Error\Renderer\WebExceptionRenderer::render() /home/jessie/Projects/FlawlessPools/BillingPortal/vendor/cakephp/cakephp/src/Error/Renderer/WebExceptionRenderer.php, line 292
Cake\Error\Middleware\ErrorHandlerMiddleware::handleException() /home/jessie/Projects/FlawlessPools/BillingPortal/vendor/cakephp/cakephp/src/Error/Middleware/ErrorHandlerMiddleware.php, line 162
Cake\Error\Middleware\ErrorHandlerMiddleware::process() /home/jessie/Projects/FlawlessPools/BillingPortal/vendor/cakephp/cakephp/src/Error/Middleware/ErrorHandlerMiddleware.php, line 135
Cake\Http\Runner::handle() /home/jessie/Projects/FlawlessPools/BillingPortal/vendor/cakephp/cakephp/src/Http/Runner.php, line 82
Cake\Http\Runner::run() /home/jessie/Projects/FlawlessPools/BillingPortal/vendor/cakephp/cakephp/src/Http/Runner.php, line 67
Cake\Http\Server::run() /home/jessie/Projects/FlawlessPools/BillingPortal/vendor/cakephp/cakephp/src/Http/Server.php, line 90
[main] /home/jessie/Projects/FlawlessPools/BillingPortal/webroot/index.php, line 40

2023-03-10 15:20:14 notice: strpos(): Passing null to parameter #1 ($haystack) of type string is deprecated
Request URL: /assets/img/testimonial/steph.png
Referer URL: http://198.74.51.219:8765/
Client IP: 67.187.138.105
Trace:
strpos [internal], line ??
include /home/jessie/Projects/FlawlessPools/BillingPortal/vendor/cakephp/cakephp/templates/Error/missing_controller.php, line 24
Cake\View\View::_evaluate() /home/jessie/Projects/FlawlessPools/BillingPortal/vendor/cakephp/cakephp/src/View/View.php, line 1220
Cake\View\View::_render() /home/jessie/Projects/FlawlessPools/BillingPortal/vendor/cakephp/cakephp/src/View/View.php, line 1177
Cake\View\View::render() /home/jessie/Projects/FlawlessPools/BillingPortal/vendor/cakephp/cakephp/src/View/View.php, line 808
Cake\Controller\Controller::render() /home/jessie/Projects/FlawlessPools/BillingPortal/vendor/cakephp/cakephp/src/Controller/Controller.php, line 773
Cake\Error\Renderer\WebExceptionRenderer::_outputMessage() /home/jessie/Projects/FlawlessPools/BillingPortal/vendor/cakephp/cakephp/src/Error/Renderer/WebExceptionRenderer.php, line 421
Cake\Error\Renderer\WebExceptionRenderer::render() /home/jessie/Projects/FlawlessPools/BillingPortal/vendor/cakephp/cakephp/src/Error/Renderer/WebExceptionRenderer.php, line 292
Cake\Error\Middleware\ErrorHandlerMiddleware::handleException() /home/jessie/Projects/FlawlessPools/BillingPortal/vendor/cakephp/cakephp/src/Error/Middleware/ErrorHandlerMiddleware.php, line 162
Cake\Error\Middleware\ErrorHandlerMiddleware::process() /home/jessie/Projects/FlawlessPools/BillingPortal/vendor/cakephp/cakephp/src/Error/Middleware/ErrorHandlerMiddleware.php, line 135
Cake\Http\Runner::handle() /home/jessie/Projects/FlawlessPools/BillingPortal/vendor/cakephp/cakephp/src/Http/Runner.php, line 82
Cake\Http\Runner::run() /home/jessie/Projects/FlawlessPools/BillingPortal/vendor/cakephp/cakephp/src/Http/Runner.php, line 67
Cake\Http\Server::run() /home/jessie/Projects/FlawlessPools/BillingPortal/vendor/cakephp/cakephp/src/Http/Server.php, line 90
[main] /home/jessie/Projects/FlawlessPools/BillingPortal/webroot/index.php, line 40

2023-03-10 15:20:14 notice: strpos(): Passing null to parameter #1 ($haystack) of type string is deprecated
Request URL: /assets/img/testimonial/steph.png
Referer URL: http://198.74.51.219:8765/
Client IP: 67.187.138.105
Trace:
strpos [internal], line ??
include /home/jessie/Projects/FlawlessPools/BillingPortal/vendor/cakephp/cakephp/templates/Error/missing_controller.php, line 24
Cake\View\View::_evaluate() /home/jessie/Projects/FlawlessPools/BillingPortal/vendor/cakephp/cakephp/src/View/View.php, line 1220
Cake\View\View::_render() /home/jessie/Projects/FlawlessPools/BillingPortal/vendor/cakephp/cakephp/src/View/View.php, line 1177
Cake\View\View::render() /home/jessie/Projects/FlawlessPools/BillingPortal/vendor/cakephp/cakephp/src/View/View.php, line 808
Cake\Controller\Controller::render() /home/jessie/Projects/FlawlessPools/BillingPortal/vendor/cakephp/cakephp/src/Controller/Controller.php, line 773
Cake\Error\Renderer\WebExceptionRenderer::_outputMessage() /home/jessie/Projects/FlawlessPools/BillingPortal/vendor/cakephp/cakephp/src/Error/Renderer/WebExceptionRenderer.php, line 421
Cake\Error\Renderer\WebExceptionRenderer::render() /home/jessie/Projects/FlawlessPools/BillingPortal/vendor/cakephp/cakephp/src/Error/Renderer/WebExceptionRenderer.php, line 292
Cake\Error\Middleware\ErrorHandlerMiddleware::handleException() /home/jessie/Projects/FlawlessPools/BillingPortal/vendor/cakephp/cakephp/src/Error/Middleware/ErrorHandlerMiddleware.php, line 162
Cake\Error\Middleware\ErrorHandlerMiddleware::process() /home/jessie/Projects/FlawlessPools/BillingPortal/vendor/cakephp/cakephp/src/Error/Middleware/ErrorHandlerMiddleware.php, line 135
Cake\Http\Runner::handle() /home/jessie/Projects/FlawlessPools/BillingPortal/vendor/cakephp/cakephp/src/Http/Runner.php, line 82
Cake\Http\Runner::run() /home/jessie/Projects/FlawlessPools/BillingPortal/vendor/cakephp/cakephp/src/Http/Runner.php, line 67
Cake\Http\Server::run() /home/jessie/Projects/FlawlessPools/BillingPortal/vendor/cakephp/cakephp/src/Http/Server.php, line 90
[main] /home/jessie/Projects/FlawlessPools/BillingPortal/webroot/index.php, line 40

2023-03-10 15:20:16 notice: strpos(): Passing null to parameter #1 ($haystack) of type string is deprecated
Request URL: /assets/img/mmd.png
Referer URL: http://198.74.51.219:8765/about
Client IP: 67.187.138.105
Trace:
strpos [internal], line ??
include /home/jessie/Projects/FlawlessPools/BillingPortal/vendor/cakephp/cakephp/templates/Error/missing_controller.php, line 24
Cake\View\View::_evaluate() /home/jessie/Projects/FlawlessPools/BillingPortal/vendor/cakephp/cakephp/src/View/View.php, line 1220
Cake\View\View::_render() /home/jessie/Projects/FlawlessPools/BillingPortal/vendor/cakephp/cakephp/src/View/View.php, line 1177
Cake\View\View::render() /home/jessie/Projects/FlawlessPools/BillingPortal/vendor/cakephp/cakephp/src/View/View.php, line 808
Cake\Controller\Controller::render() /home/jessie/Projects/FlawlessPools/BillingPortal/vendor/cakephp/cakephp/src/Controller/Controller.php, line 773
Cake\Error\Renderer\WebExceptionRenderer::_outputMessage() /home/jessie/Projects/FlawlessPools/BillingPortal/vendor/cakephp/cakephp/src/Error/Renderer/WebExceptionRenderer.php, line 421
Cake\Error\Renderer\WebExceptionRenderer::render() /home/jessie/Projects/FlawlessPools/BillingPortal/vendor/cakephp/cakephp/src/Error/Renderer/WebExceptionRenderer.php, line 292
Cake\Error\Middleware\ErrorHandlerMiddleware::handleException() /home/jessie/Projects/FlawlessPools/BillingPortal/vendor/cakephp/cakephp/src/Error/Middleware/ErrorHandlerMiddleware.php, line 162
Cake\Error\Middleware\ErrorHandlerMiddleware::process() /home/jessie/Projects/FlawlessPools/BillingPortal/vendor/cakephp/cakephp/src/Error/Middleware/ErrorHandlerMiddleware.php, line 135
Cake\Http\Runner::handle() /home/jessie/Projects/FlawlessPools/BillingPortal/vendor/cakephp/cakephp/src/Http/Runner.php, line 82
Cake\Http\Runner::run() /home/jessie/Projects/FlawlessPools/BillingPortal/vendor/cakephp/cakephp/src/Http/Runner.php, line 67
Cake\Http\Server::run() /home/jessie/Projects/FlawlessPools/BillingPortal/vendor/cakephp/cakephp/src/Http/Server.php, line 90
[main] /home/jessie/Projects/FlawlessPools/BillingPortal/webroot/index.php, line 40

2023-03-10 15:20:16 notice: strpos(): Passing null to parameter #1 ($haystack) of type string is deprecated
Request URL: /assets/img/mmd.png
Referer URL: http://198.74.51.219:8765/about
Client IP: 67.187.138.105
Trace:
strpos [internal], line ??
include /home/jessie/Projects/FlawlessPools/BillingPortal/vendor/cakephp/cakephp/templates/Error/missing_controller.php, line 24
Cake\View\View::_evaluate() /home/jessie/Projects/FlawlessPools/BillingPortal/vendor/cakephp/cakephp/src/View/View.php, line 1220
Cake\View\View::_render() /home/jessie/Projects/FlawlessPools/BillingPortal/vendor/cakephp/cakephp/src/View/View.php, line 1177
Cake\View\View::render() /home/jessie/Projects/FlawlessPools/BillingPortal/vendor/cakephp/cakephp/src/View/View.php, line 808
Cake\Controller\Controller::render() /home/jessie/Projects/FlawlessPools/BillingPortal/vendor/cakephp/cakephp/src/Controller/Controller.php, line 773
Cake\Error\Renderer\WebExceptionRenderer::_outputMessage() /home/jessie/Projects/FlawlessPools/BillingPortal/vendor/cakephp/cakephp/src/Error/Renderer/WebExceptionRenderer.php, line 421
Cake\Error\Renderer\WebExceptionRenderer::render() /home/jessie/Projects/FlawlessPools/BillingPortal/vendor/cakephp/cakephp/src/Error/Renderer/WebExceptionRenderer.php, line 292
Cake\Error\Middleware\ErrorHandlerMiddleware::handleException() /home/jessie/Projects/FlawlessPools/BillingPortal/vendor/cakephp/cakephp/src/Error/Middleware/ErrorHandlerMiddleware.php, line 162
Cake\Error\Middleware\ErrorHandlerMiddleware::process() /home/jessie/Projects/FlawlessPools/BillingPortal/vendor/cakephp/cakephp/src/Error/Middleware/ErrorHandlerMiddleware.php, line 135
Cake\Http\Runner::handle() /home/jessie/Projects/FlawlessPools/BillingPortal/vendor/cakephp/cakephp/src/Http/Runner.php, line 82
Cake\Http\Runner::run() /home/jessie/Projects/FlawlessPools/BillingPortal/vendor/cakephp/cakephp/src/Http/Runner.php, line 67
Cake\Http\Server::run() /home/jessie/Projects/FlawlessPools/BillingPortal/vendor/cakephp/cakephp/src/Http/Server.php, line 90
[main] /home/jessie/Projects/FlawlessPools/BillingPortal/webroot/index.php, line 40

2023-03-10 15:20:16 notice: strpos(): Passing null to parameter #1 ($haystack) of type string is deprecated
Request URL: /assets/img/mmd.png
Referer URL: http://198.74.51.219:8765/about
Client IP: 67.187.138.105
Trace:
strpos [internal], line ??
include /home/jessie/Projects/FlawlessPools/BillingPortal/vendor/cakephp/cakephp/templates/Error/missing_controller.php, line 24
Cake\View\View::_evaluate() /home/jessie/Projects/FlawlessPools/BillingPortal/vendor/cakephp/cakephp/src/View/View.php, line 1220
Cake\View\View::_render() /home/jessie/Projects/FlawlessPools/BillingPortal/vendor/cakephp/cakephp/src/View/View.php, line 1177
Cake\View\View::render() /home/jessie/Projects/FlawlessPools/BillingPortal/vendor/cakephp/cakephp/src/View/View.php, line 808
Cake\Controller\Controller::render() /home/jessie/Projects/FlawlessPools/BillingPortal/vendor/cakephp/cakephp/src/Controller/Controller.php, line 773
Cake\Error\Renderer\WebExceptionRenderer::_outputMessage() /home/jessie/Projects/FlawlessPools/BillingPortal/vendor/cakephp/cakephp/src/Error/Renderer/WebExceptionRenderer.php, line 421
Cake\Error\Renderer\WebExceptionRenderer::render() /home/jessie/Projects/FlawlessPools/BillingPortal/vendor/cakephp/cakephp/src/Error/Renderer/WebExceptionRenderer.php, line 292
Cake\Error\Middleware\ErrorHandlerMiddleware::handleException() /home/jessie/Projects/FlawlessPools/BillingPortal/vendor/cakephp/cakephp/src/Error/Middleware/ErrorHandlerMiddleware.php, line 162
Cake\Error\Middleware\ErrorHandlerMiddleware::process() /home/jessie/Projects/FlawlessPools/BillingPortal/vendor/cakephp/cakephp/src/Error/Middleware/ErrorHandlerMiddleware.php, line 135
Cake\Http\Runner::handle() /home/jessie/Projects/FlawlessPools/BillingPortal/vendor/cakephp/cakephp/src/Http/Runner.php, line 82
Cake\Http\Runner::run() /home/jessie/Projects/FlawlessPools/BillingPortal/vendor/cakephp/cakephp/src/Http/Runner.php, line 67
Cake\Http\Server::run() /home/jessie/Projects/FlawlessPools/BillingPortal/vendor/cakephp/cakephp/src/Http/Server.php, line 90
[main] /home/jessie/Projects/FlawlessPools/BillingPortal/webroot/index.php, line 40

2023-03-10 15:20:16 notice: strpos(): Passing null to parameter #1 ($haystack) of type string is deprecated
Request URL: /assets/img/mmd.png
Referer URL: http://198.74.51.219:8765/about
Client IP: 67.187.138.105
Trace:
strpos [internal], line ??
include /home/jessie/Projects/FlawlessPools/BillingPortal/vendor/cakephp/cakephp/templates/Error/missing_controller.php, line 24
Cake\View\View::_evaluate() /home/jessie/Projects/FlawlessPools/BillingPortal/vendor/cakephp/cakephp/src/View/View.php, line 1220
Cake\View\View::_render() /home/jessie/Projects/FlawlessPools/BillingPortal/vendor/cakephp/cakephp/src/View/View.php, line 1177
Cake\View\View::render() /home/jessie/Projects/FlawlessPools/BillingPortal/vendor/cakephp/cakephp/src/View/View.php, line 808
Cake\Controller\Controller::render() /home/jessie/Projects/FlawlessPools/BillingPortal/vendor/cakephp/cakephp/src/Controller/Controller.php, line 773
Cake\Error\Renderer\WebExceptionRenderer::_outputMessage() /home/jessie/Projects/FlawlessPools/BillingPortal/vendor/cakephp/cakephp/src/Error/Renderer/WebExceptionRenderer.php, line 421
Cake\Error\Renderer\WebExceptionRenderer::render() /home/jessie/Projects/FlawlessPools/BillingPortal/vendor/cakephp/cakephp/src/Error/Renderer/WebExceptionRenderer.php, line 292
Cake\Error\Middleware\ErrorHandlerMiddleware::handleException() /home/jessie/Projects/FlawlessPools/BillingPortal/vendor/cakephp/cakephp/src/Error/Middleware/ErrorHandlerMiddleware.php, line 162
Cake\Error\Middleware\ErrorHandlerMiddleware::process() /home/jessie/Projects/FlawlessPools/BillingPortal/vendor/cakephp/cakephp/src/Error/Middleware/ErrorHandlerMiddleware.php, line 135
Cake\Http\Runner::handle() /home/jessie/Projects/FlawlessPools/BillingPortal/vendor/cakephp/cakephp/src/Http/Runner.php, line 82
Cake\Http\Runner::run() /home/jessie/Projects/FlawlessPools/BillingPortal/vendor/cakephp/cakephp/src/Http/Runner.php, line 67
Cake\Http\Server::run() /home/jessie/Projects/FlawlessPools/BillingPortal/vendor/cakephp/cakephp/src/Http/Server.php, line 90
[main] /home/jessie/Projects/FlawlessPools/BillingPortal/webroot/index.php, line 40

2023-03-10 15:20:18 notice: strpos(): Passing null to parameter #1 ($haystack) of type string is deprecated
Request URL: /services.html
Referer URL: http://198.74.51.219:8765/about
Client IP: 67.187.138.105
Trace:
strpos [internal], line ??
include /home/jessie/Projects/FlawlessPools/BillingPortal/vendor/cakephp/cakephp/templates/Error/missing_controller.php, line 24
Cake\View\View::_evaluate() /home/jessie/Projects/FlawlessPools/BillingPortal/vendor/cakephp/cakephp/src/View/View.php, line 1220
Cake\View\View::_render() /home/jessie/Projects/FlawlessPools/BillingPortal/vendor/cakephp/cakephp/src/View/View.php, line 1177
Cake\View\View::render() /home/jessie/Projects/FlawlessPools/BillingPortal/vendor/cakephp/cakephp/src/View/View.php, line 808
Cake\Controller\Controller::render() /home/jessie/Projects/FlawlessPools/BillingPortal/vendor/cakephp/cakephp/src/Controller/Controller.php, line 773
Cake\Error\Renderer\WebExceptionRenderer::_outputMessage() /home/jessie/Projects/FlawlessPools/BillingPortal/vendor/cakephp/cakephp/src/Error/Renderer/WebExceptionRenderer.php, line 421
Cake\Error\Renderer\WebExceptionRenderer::render() /home/jessie/Projects/FlawlessPools/BillingPortal/vendor/cakephp/cakephp/src/Error/Renderer/WebExceptionRenderer.php, line 292
Cake\Error\Middleware\ErrorHandlerMiddleware::handleException() /home/jessie/Projects/FlawlessPools/BillingPortal/vendor/cakephp/cakephp/src/Error/Middleware/ErrorHandlerMiddleware.php, line 162
Cake\Error\Middleware\ErrorHandlerMiddleware::process() /home/jessie/Projects/FlawlessPools/BillingPortal/vendor/cakephp/cakephp/src/Error/Middleware/ErrorHandlerMiddleware.php, line 135
Cake\Http\Runner::handle() /home/jessie/Projects/FlawlessPools/BillingPortal/vendor/cakephp/cakephp/src/Http/Runner.php, line 82
Cake\Http\Runner::run() /home/jessie/Projects/FlawlessPools/BillingPortal/vendor/cakephp/cakephp/src/Http/Runner.php, line 67
Cake\Http\Server::run() /home/jessie/Projects/FlawlessPools/BillingPortal/vendor/cakephp/cakephp/src/Http/Server.php, line 90
[main] /home/jessie/Projects/FlawlessPools/BillingPortal/webroot/index.php, line 40

2023-03-10 15:20:18 notice: strpos(): Passing null to parameter #1 ($haystack) of type string is deprecated
Request URL: /services.html
Referer URL: http://198.74.51.219:8765/about
Client IP: 67.187.138.105
Trace:
strpos [internal], line ??
include /home/jessie/Projects/FlawlessPools/BillingPortal/vendor/cakephp/cakephp/templates/Error/missing_controller.php, line 24
Cake\View\View::_evaluate() /home/jessie/Projects/FlawlessPools/BillingPortal/vendor/cakephp/cakephp/src/View/View.php, line 1220
Cake\View\View::_render() /home/jessie/Projects/FlawlessPools/BillingPortal/vendor/cakephp/cakephp/src/View/View.php, line 1177
Cake\View\View::render() /home/jessie/Projects/FlawlessPools/BillingPortal/vendor/cakephp/cakephp/src/View/View.php, line 808
Cake\Controller\Controller::render() /home/jessie/Projects/FlawlessPools/BillingPortal/vendor/cakephp/cakephp/src/Controller/Controller.php, line 773
Cake\Error\Renderer\WebExceptionRenderer::_outputMessage() /home/jessie/Projects/FlawlessPools/BillingPortal/vendor/cakephp/cakephp/src/Error/Renderer/WebExceptionRenderer.php, line 421
Cake\Error\Renderer\WebExceptionRenderer::render() /home/jessie/Projects/FlawlessPools/BillingPortal/vendor/cakephp/cakephp/src/Error/Renderer/WebExceptionRenderer.php, line 292
Cake\Error\Middleware\ErrorHandlerMiddleware::handleException() /home/jessie/Projects/FlawlessPools/BillingPortal/vendor/cakephp/cakephp/src/Error/Middleware/ErrorHandlerMiddleware.php, line 162
Cake\Error\Middleware\ErrorHandlerMiddleware::process() /home/jessie/Projects/FlawlessPools/BillingPortal/vendor/cakephp/cakephp/src/Error/Middleware/ErrorHandlerMiddleware.php, line 135
Cake\Http\Runner::handle() /home/jessie/Projects/FlawlessPools/BillingPortal/vendor/cakephp/cakephp/src/Http/Runner.php, line 82
Cake\Http\Runner::run() /home/jessie/Projects/FlawlessPools/BillingPortal/vendor/cakephp/cakephp/src/Http/Runner.php, line 67
Cake\Http\Server::run() /home/jessie/Projects/FlawlessPools/BillingPortal/vendor/cakephp/cakephp/src/Http/Server.php, line 90
[main] /home/jessie/Projects/FlawlessPools/BillingPortal/webroot/index.php, line 40

2023-03-10 15:30:57 notice: strpos(): Passing null to parameter #1 ($haystack) of type string is deprecated
Request URL: /gallery.html
Referer URL: http://198.74.51.219:8765/about
Client IP: 67.187.138.105
Trace:
strpos [internal], line ??
include /home/jessie/Projects/FlawlessPools/BillingPortal/vendor/cakephp/cakephp/templates/Error/missing_controller.php, line 24
Cake\View\View::_evaluate() /home/jessie/Projects/FlawlessPools/BillingPortal/vendor/cakephp/cakephp/src/View/View.php, line 1220
Cake\View\View::_render() /home/jessie/Projects/FlawlessPools/BillingPortal/vendor/cakephp/cakephp/src/View/View.php, line 1177
Cake\View\View::render() /home/jessie/Projects/FlawlessPools/BillingPortal/vendor/cakephp/cakephp/src/View/View.php, line 808
Cake\Controller\Controller::render() /home/jessie/Projects/FlawlessPools/BillingPortal/vendor/cakephp/cakephp/src/Controller/Controller.php, line 773
Cake\Error\Renderer\WebExceptionRenderer::_outputMessage() /home/jessie/Projects/FlawlessPools/BillingPortal/vendor/cakephp/cakephp/src/Error/Renderer/WebExceptionRenderer.php, line 421
Cake\Error\Renderer\WebExceptionRenderer::render() /home/jessie/Projects/FlawlessPools/BillingPortal/vendor/cakephp/cakephp/src/Error/Renderer/WebExceptionRenderer.php, line 292
Cake\Error\Middleware\ErrorHandlerMiddleware::handleException() /home/jessie/Projects/FlawlessPools/BillingPortal/vendor/cakephp/cakephp/src/Error/Middleware/ErrorHandlerMiddleware.php, line 162
Cake\Error\Middleware\ErrorHandlerMiddleware::process() /home/jessie/Projects/FlawlessPools/BillingPortal/vendor/cakephp/cakephp/src/Error/Middleware/ErrorHandlerMiddleware.php, line 135
Cake\Http\Runner::handle() /home/jessie/Projects/FlawlessPools/BillingPortal/vendor/cakephp/cakephp/src/Http/Runner.php, line 82
Cake\Http\Runner::run() /home/jessie/Projects/FlawlessPools/BillingPortal/vendor/cakephp/cakephp/src/Http/Runner.php, line 67
Cake\Http\Server::run() /home/jessie/Projects/FlawlessPools/BillingPortal/vendor/cakephp/cakephp/src/Http/Server.php, line 90
[main] /home/jessie/Projects/FlawlessPools/BillingPortal/webroot/index.php, line 40

2023-03-10 15:30:57 notice: strpos(): Passing null to parameter #1 ($haystack) of type string is deprecated
Request URL: /gallery.html
Referer URL: http://198.74.51.219:8765/about
Client IP: 67.187.138.105
Trace:
strpos [internal], line ??
include /home/jessie/Projects/FlawlessPools/BillingPortal/vendor/cakephp/cakephp/templates/Error/missing_controller.php, line 24
Cake\View\View::_evaluate() /home/jessie/Projects/FlawlessPools/BillingPortal/vendor/cakephp/cakephp/src/View/View.php, line 1220
Cake\View\View::_render() /home/jessie/Projects/FlawlessPools/BillingPortal/vendor/cakephp/cakephp/src/View/View.php, line 1177
Cake\View\View::render() /home/jessie/Projects/FlawlessPools/BillingPortal/vendor/cakephp/cakephp/src/View/View.php, line 808
Cake\Controller\Controller::render() /home/jessie/Projects/FlawlessPools/BillingPortal/vendor/cakephp/cakephp/src/Controller/Controller.php, line 773
Cake\Error\Renderer\WebExceptionRenderer::_outputMessage() /home/jessie/Projects/FlawlessPools/BillingPortal/vendor/cakephp/cakephp/src/Error/Renderer/WebExceptionRenderer.php, line 421
Cake\Error\Renderer\WebExceptionRenderer::render() /home/jessie/Projects/FlawlessPools/BillingPortal/vendor/cakephp/cakephp/src/Error/Renderer/WebExceptionRenderer.php, line 292
Cake\Error\Middleware\ErrorHandlerMiddleware::handleException() /home/jessie/Projects/FlawlessPools/BillingPortal/vendor/cakephp/cakephp/src/Error/Middleware/ErrorHandlerMiddleware.php, line 162
Cake\Error\Middleware\ErrorHandlerMiddleware::process() /home/jessie/Projects/FlawlessPools/BillingPortal/vendor/cakephp/cakephp/src/Error/Middleware/ErrorHandlerMiddleware.php, line 135
Cake\Http\Runner::handle() /home/jessie/Projects/FlawlessPools/BillingPortal/vendor/cakephp/cakephp/src/Http/Runner.php, line 82
Cake\Http\Runner::run() /home/jessie/Projects/FlawlessPools/BillingPortal/vendor/cakephp/cakephp/src/Http/Runner.php, line 67
Cake\Http\Server::run() /home/jessie/Projects/FlawlessPools/BillingPortal/vendor/cakephp/cakephp/src/Http/Server.php, line 90
[main] /home/jessie/Projects/FlawlessPools/BillingPortal/webroot/index.php, line 40

2023-03-10 15:31:00 notice: strpos(): Passing null to parameter #1 ($haystack) of type string is deprecated
Request URL: /services.html
Referer URL: http://198.74.51.219:8765/about
Client IP: 67.187.138.105
Trace:
strpos [internal], line ??
include /home/jessie/Projects/FlawlessPools/BillingPortal/vendor/cakephp/cakephp/templates/Error/missing_controller.php, line 24
Cake\View\View::_evaluate() /home/jessie/Projects/FlawlessPools/BillingPortal/vendor/cakephp/cakephp/src/View/View.php, line 1220
Cake\View\View::_render() /home/jessie/Projects/FlawlessPools/BillingPortal/vendor/cakephp/cakephp/src/View/View.php, line 1177
Cake\View\View::render() /home/jessie/Projects/FlawlessPools/BillingPortal/vendor/cakephp/cakephp/src/View/View.php, line 808
Cake\Controller\Controller::render() /home/jessie/Projects/FlawlessPools/BillingPortal/vendor/cakephp/cakephp/src/Controller/Controller.php, line 773
Cake\Error\Renderer\WebExceptionRenderer::_outputMessage() /home/jessie/Projects/FlawlessPools/BillingPortal/vendor/cakephp/cakephp/src/Error/Renderer/WebExceptionRenderer.php, line 421
Cake\Error\Renderer\WebExceptionRenderer::render() /home/jessie/Projects/FlawlessPools/BillingPortal/vendor/cakephp/cakephp/src/Error/Renderer/WebExceptionRenderer.php, line 292
Cake\Error\Middleware\ErrorHandlerMiddleware::handleException() /home/jessie/Projects/FlawlessPools/BillingPortal/vendor/cakephp/cakephp/src/Error/Middleware/ErrorHandlerMiddleware.php, line 162
Cake\Error\Middleware\ErrorHandlerMiddleware::process() /home/jessie/Projects/FlawlessPools/BillingPortal/vendor/cakephp/cakephp/src/Error/Middleware/ErrorHandlerMiddleware.php, line 135
Cake\Http\Runner::handle() /home/jessie/Projects/FlawlessPools/BillingPortal/vendor/cakephp/cakephp/src/Http/Runner.php, line 82
Cake\Http\Runner::run() /home/jessie/Projects/FlawlessPools/BillingPortal/vendor/cakephp/cakephp/src/Http/Runner.php, line 67
Cake\Http\Server::run() /home/jessie/Projects/FlawlessPools/BillingPortal/vendor/cakephp/cakephp/src/Http/Server.php, line 90
[main] /home/jessie/Projects/FlawlessPools/BillingPortal/webroot/index.php, line 40

2023-03-10 15:31:00 notice: strpos(): Passing null to parameter #1 ($haystack) of type string is deprecated
Request URL: /services.html
Referer URL: http://198.74.51.219:8765/about
Client IP: 67.187.138.105
Trace:
strpos [internal], line ??
include /home/jessie/Projects/FlawlessPools/BillingPortal/vendor/cakephp/cakephp/templates/Error/missing_controller.php, line 24
Cake\View\View::_evaluate() /home/jessie/Projects/FlawlessPools/BillingPortal/vendor/cakephp/cakephp/src/View/View.php, line 1220
Cake\View\View::_render() /home/jessie/Projects/FlawlessPools/BillingPortal/vendor/cakephp/cakephp/src/View/View.php, line 1177
Cake\View\View::render() /home/jessie/Projects/FlawlessPools/BillingPortal/vendor/cakephp/cakephp/src/View/View.php, line 808
Cake\Controller\Controller::render() /home/jessie/Projects/FlawlessPools/BillingPortal/vendor/cakephp/cakephp/src/Controller/Controller.php, line 773
Cake\Error\Renderer\WebExceptionRenderer::_outputMessage() /home/jessie/Projects/FlawlessPools/BillingPortal/vendor/cakephp/cakephp/src/Error/Renderer/WebExceptionRenderer.php, line 421
Cake\Error\Renderer\WebExceptionRenderer::render() /home/jessie/Projects/FlawlessPools/BillingPortal/vendor/cakephp/cakephp/src/Error/Renderer/WebExceptionRenderer.php, line 292
Cake\Error\Middleware\ErrorHandlerMiddleware::handleException() /home/jessie/Projects/FlawlessPools/BillingPortal/vendor/cakephp/cakephp/src/Error/Middleware/ErrorHandlerMiddleware.php, line 162
Cake\Error\Middleware\ErrorHandlerMiddleware::process() /home/jessie/Projects/FlawlessPools/BillingPortal/vendor/cakephp/cakephp/src/Error/Middleware/ErrorHandlerMiddleware.php, line 135
Cake\Http\Runner::handle() /home/jessie/Projects/FlawlessPools/BillingPortal/vendor/cakephp/cakephp/src/Http/Runner.php, line 82
Cake\Http\Runner::run() /home/jessie/Projects/FlawlessPools/BillingPortal/vendor/cakephp/cakephp/src/Http/Runner.php, line 67
Cake\Http\Server::run() /home/jessie/Projects/FlawlessPools/BillingPortal/vendor/cakephp/cakephp/src/Http/Server.php, line 90
[main] /home/jessie/Projects/FlawlessPools/BillingPortal/webroot/index.php, line 40

2023-03-10 15:31:16 notice: strpos(): Passing null to parameter #1 ($haystack) of type string is deprecated
Request URL: /assets/img/mmd.png
Referer URL: http://198.74.51.219:8765/
Client IP: 67.187.138.105
Trace:
strpos [internal], line ??
include /home/jessie/Projects/FlawlessPools/BillingPortal/vendor/cakephp/cakephp/templates/Error/missing_controller.php, line 24
Cake\View\View::_evaluate() /home/jessie/Projects/FlawlessPools/BillingPortal/vendor/cakephp/cakephp/src/View/View.php, line 1220
Cake\View\View::_render() /home/jessie/Projects/FlawlessPools/BillingPortal/vendor/cakephp/cakephp/src/View/View.php, line 1177
Cake\View\View::render() /home/jessie/Projects/FlawlessPools/BillingPortal/vendor/cakephp/cakephp/src/View/View.php, line 808
Cake\Controller\Controller::render() /home/jessie/Projects/FlawlessPools/BillingPortal/vendor/cakephp/cakephp/src/Controller/Controller.php, line 773
Cake\Error\Renderer\WebExceptionRenderer::_outputMessage() /home/jessie/Projects/FlawlessPools/BillingPortal/vendor/cakephp/cakephp/src/Error/Renderer/WebExceptionRenderer.php, line 421
Cake\Error\Renderer\WebExceptionRenderer::render() /home/jessie/Projects/FlawlessPools/BillingPortal/vendor/cakephp/cakephp/src/Error/Renderer/WebExceptionRenderer.php, line 292
Cake\Error\Middleware\ErrorHandlerMiddleware::handleException() /home/jessie/Projects/FlawlessPools/BillingPortal/vendor/cakephp/cakephp/src/Error/Middleware/ErrorHandlerMiddleware.php, line 162
Cake\Error\Middleware\ErrorHandlerMiddleware::process() /home/jessie/Projects/FlawlessPools/BillingPortal/vendor/cakephp/cakephp/src/Error/Middleware/ErrorHandlerMiddleware.php, line 135
Cake\Http\Runner::handle() /home/jessie/Projects/FlawlessPools/BillingPortal/vendor/cakephp/cakephp/src/Http/Runner.php, line 82
Cake\Http\Runner::run() /home/jessie/Projects/FlawlessPools/BillingPortal/vendor/cakephp/cakephp/src/Http/Runner.php, line 67
Cake\Http\Server::run() /home/jessie/Projects/FlawlessPools/BillingPortal/vendor/cakephp/cakephp/src/Http/Server.php, line 90
[main] /home/jessie/Projects/FlawlessPools/BillingPortal/webroot/index.php, line 40

2023-03-10 15:31:16 notice: strpos(): Passing null to parameter #1 ($haystack) of type string is deprecated
Request URL: /assets/img/mmd.png
Referer URL: http://198.74.51.219:8765/
Client IP: 67.187.138.105
Trace:
strpos [internal], line ??
include /home/jessie/Projects/FlawlessPools/BillingPortal/vendor/cakephp/cakephp/templates/Error/missing_controller.php, line 24
Cake\View\View::_evaluate() /home/jessie/Projects/FlawlessPools/BillingPortal/vendor/cakephp/cakephp/src/View/View.php, line 1220
Cake\View\View::_render() /home/jessie/Projects/FlawlessPools/BillingPortal/vendor/cakephp/cakephp/src/View/View.php, line 1177
Cake\View\View::render() /home/jessie/Projects/FlawlessPools/BillingPortal/vendor/cakephp/cakephp/src/View/View.php, line 808
Cake\Controller\Controller::render() /home/jessie/Projects/FlawlessPools/BillingPortal/vendor/cakephp/cakephp/src/Controller/Controller.php, line 773
Cake\Error\Renderer\WebExceptionRenderer::_outputMessage() /home/jessie/Projects/FlawlessPools/BillingPortal/vendor/cakephp/cakephp/src/Error/Renderer/WebExceptionRenderer.php, line 421
Cake\Error\Renderer\WebExceptionRenderer::render() /home/jessie/Projects/FlawlessPools/BillingPortal/vendor/cakephp/cakephp/src/Error/Renderer/WebExceptionRenderer.php, line 292
Cake\Error\Middleware\ErrorHandlerMiddleware::handleException() /home/jessie/Projects/FlawlessPools/BillingPortal/vendor/cakephp/cakephp/src/Error/Middleware/ErrorHandlerMiddleware.php, line 162
Cake\Error\Middleware\ErrorHandlerMiddleware::process() /home/jessie/Projects/FlawlessPools/BillingPortal/vendor/cakephp/cakephp/src/Error/Middleware/ErrorHandlerMiddleware.php, line 135
Cake\Http\Runner::handle() /home/jessie/Projects/FlawlessPools/BillingPortal/vendor/cakephp/cakephp/src/Http/Runner.php, line 82
Cake\Http\Runner::run() /home/jessie/Projects/FlawlessPools/BillingPortal/vendor/cakephp/cakephp/src/Http/Runner.php, line 67
Cake\Http\Server::run() /home/jessie/Projects/FlawlessPools/BillingPortal/vendor/cakephp/cakephp/src/Http/Server.php, line 90
[main] /home/jessie/Projects/FlawlessPools/BillingPortal/webroot/index.php, line 40

2023-03-10 15:31:17 notice: strpos(): Passing null to parameter #1 ($haystack) of type string is deprecated
Request URL: /assets/img/mmd.png
Referer URL: http://198.74.51.219:8765/
Client IP: 67.187.138.105
Trace:
strpos [internal], line ??
include /home/jessie/Projects/FlawlessPools/BillingPortal/vendor/cakephp/cakephp/templates/Error/missing_controller.php, line 24
Cake\View\View::_evaluate() /home/jessie/Projects/FlawlessPools/BillingPortal/vendor/cakephp/cakephp/src/View/View.php, line 1220
Cake\View\View::_render() /home/jessie/Projects/FlawlessPools/BillingPortal/vendor/cakephp/cakephp/src/View/View.php, line 1177
Cake\View\View::render() /home/jessie/Projects/FlawlessPools/BillingPortal/vendor/cakephp/cakephp/src/View/View.php, line 808
Cake\Controller\Controller::render() /home/jessie/Projects/FlawlessPools/BillingPortal/vendor/cakephp/cakephp/src/Controller/Controller.php, line 773
Cake\Error\Renderer\WebExceptionRenderer::_outputMessage() /home/jessie/Projects/FlawlessPools/BillingPortal/vendor/cakephp/cakephp/src/Error/Renderer/WebExceptionRenderer.php, line 421
Cake\Error\Renderer\WebExceptionRenderer::render() /home/jessie/Projects/FlawlessPools/BillingPortal/vendor/cakephp/cakephp/src/Error/Renderer/WebExceptionRenderer.php, line 292
Cake\Error\Middleware\ErrorHandlerMiddleware::handleException() /home/jessie/Projects/FlawlessPools/BillingPortal/vendor/cakephp/cakephp/src/Error/Middleware/ErrorHandlerMiddleware.php, line 162
Cake\Error\Middleware\ErrorHandlerMiddleware::process() /home/jessie/Projects/FlawlessPools/BillingPortal/vendor/cakephp/cakephp/src/Error/Middleware/ErrorHandlerMiddleware.php, line 135
Cake\Http\Runner::handle() /home/jessie/Projects/FlawlessPools/BillingPortal/vendor/cakephp/cakephp/src/Http/Runner.php, line 82
Cake\Http\Runner::run() /home/jessie/Projects/FlawlessPools/BillingPortal/vendor/cakephp/cakephp/src/Http/Runner.php, line 67
Cake\Http\Server::run() /home/jessie/Projects/FlawlessPools/BillingPortal/vendor/cakephp/cakephp/src/Http/Server.php, line 90
[main] /home/jessie/Projects/FlawlessPools/BillingPortal/webroot/index.php, line 40

2023-03-10 15:31:17 notice: strpos(): Passing null to parameter #1 ($haystack) of type string is deprecated
Request URL: /assets/img/mmd.png
Referer URL: http://198.74.51.219:8765/
Client IP: 67.187.138.105
Trace:
strpos [internal], line ??
include /home/jessie/Projects/FlawlessPools/BillingPortal/vendor/cakephp/cakephp/templates/Error/missing_controller.php, line 24
Cake\View\View::_evaluate() /home/jessie/Projects/FlawlessPools/BillingPortal/vendor/cakephp/cakephp/src/View/View.php, line 1220
Cake\View\View::_render() /home/jessie/Projects/FlawlessPools/BillingPortal/vendor/cakephp/cakephp/src/View/View.php, line 1177
Cake\View\View::render() /home/jessie/Projects/FlawlessPools/BillingPortal/vendor/cakephp/cakephp/src/View/View.php, line 808
Cake\Controller\Controller::render() /home/jessie/Projects/FlawlessPools/BillingPortal/vendor/cakephp/cakephp/src/Controller/Controller.php, line 773
Cake\Error\Renderer\WebExceptionRenderer::_outputMessage() /home/jessie/Projects/FlawlessPools/BillingPortal/vendor/cakephp/cakephp/src/Error/Renderer/WebExceptionRenderer.php, line 421
Cake\Error\Renderer\WebExceptionRenderer::render() /home/jessie/Projects/FlawlessPools/BillingPortal/vendor/cakephp/cakephp/src/Error/Renderer/WebExceptionRenderer.php, line 292
Cake\Error\Middleware\ErrorHandlerMiddleware::handleException() /home/jessie/Projects/FlawlessPools/BillingPortal/vendor/cakephp/cakephp/src/Error/Middleware/ErrorHandlerMiddleware.php, line 162
Cake\Error\Middleware\ErrorHandlerMiddleware::process() /home/jessie/Projects/FlawlessPools/BillingPortal/vendor/cakephp/cakephp/src/Error/Middleware/ErrorHandlerMiddleware.php, line 135
Cake\Http\Runner::handle() /home/jessie/Projects/FlawlessPools/BillingPortal/vendor/cakephp/cakephp/src/Http/Runner.php, line 82
Cake\Http\Runner::run() /home/jessie/Projects/FlawlessPools/BillingPortal/vendor/cakephp/cakephp/src/Http/Runner.php, line 67
Cake\Http\Server::run() /home/jessie/Projects/FlawlessPools/BillingPortal/vendor/cakephp/cakephp/src/Http/Server.php, line 90
[main] /home/jessie/Projects/FlawlessPools/BillingPortal/webroot/index.php, line 40

2023-03-10 15:31:17 notice: strpos(): Passing null to parameter #1 ($haystack) of type string is deprecated
Request URL: /assets/img/testimonial/steph.png
Referer URL: http://198.74.51.219:8765/
Client IP: 67.187.138.105
Trace:
strpos [internal], line ??
include /home/jessie/Projects/FlawlessPools/BillingPortal/vendor/cakephp/cakephp/templates/Error/missing_controller.php, line 24
Cake\View\View::_evaluate() /home/jessie/Projects/FlawlessPools/BillingPortal/vendor/cakephp/cakephp/src/View/View.php, line 1220
Cake\View\View::_render() /home/jessie/Projects/FlawlessPools/BillingPortal/vendor/cakephp/cakephp/src/View/View.php, line 1177
Cake\View\View::render() /home/jessie/Projects/FlawlessPools/BillingPortal/vendor/cakephp/cakephp/src/View/View.php, line 808
Cake\Controller\Controller::render() /home/jessie/Projects/FlawlessPools/BillingPortal/vendor/cakephp/cakephp/src/Controller/Controller.php, line 773
Cake\Error\Renderer\WebExceptionRenderer::_outputMessage() /home/jessie/Projects/FlawlessPools/BillingPortal/vendor/cakephp/cakephp/src/Error/Renderer/WebExceptionRenderer.php, line 421
Cake\Error\Renderer\WebExceptionRenderer::render() /home/jessie/Projects/FlawlessPools/BillingPortal/vendor/cakephp/cakephp/src/Error/Renderer/WebExceptionRenderer.php, line 292
Cake\Error\Middleware\ErrorHandlerMiddleware::handleException() /home/jessie/Projects/FlawlessPools/BillingPortal/vendor/cakephp/cakephp/src/Error/Middleware/ErrorHandlerMiddleware.php, line 162
Cake\Error\Middleware\ErrorHandlerMiddleware::process() /home/jessie/Projects/FlawlessPools/BillingPortal/vendor/cakephp/cakephp/src/Error/Middleware/ErrorHandlerMiddleware.php, line 135
Cake\Http\Runner::handle() /home/jessie/Projects/FlawlessPools/BillingPortal/vendor/cakephp/cakephp/src/Http/Runner.php, line 82
Cake\Http\Runner::run() /home/jessie/Projects/FlawlessPools/BillingPortal/vendor/cakephp/cakephp/src/Http/Runner.php, line 67
Cake\Http\Server::run() /home/jessie/Projects/FlawlessPools/BillingPortal/vendor/cakephp/cakephp/src/Http/Server.php, line 90
[main] /home/jessie/Projects/FlawlessPools/BillingPortal/webroot/index.php, line 40

2023-03-10 15:31:17 notice: strpos(): Passing null to parameter #1 ($haystack) of type string is deprecated
Request URL: /assets/img/testimonial/steph.png
Referer URL: http://198.74.51.219:8765/
Client IP: 67.187.138.105
Trace:
strpos [internal], line ??
include /home/jessie/Projects/FlawlessPools/BillingPortal/vendor/cakephp/cakephp/templates/Error/missing_controller.php, line 24
Cake\View\View::_evaluate() /home/jessie/Projects/FlawlessPools/BillingPortal/vendor/cakephp/cakephp/src/View/View.php, line 1220
Cake\View\View::_render() /home/jessie/Projects/FlawlessPools/BillingPortal/vendor/cakephp/cakephp/src/View/View.php, line 1177
Cake\View\View::render() /home/jessie/Projects/FlawlessPools/BillingPortal/vendor/cakephp/cakephp/src/View/View.php, line 808
Cake\Controller\Controller::render() /home/jessie/Projects/FlawlessPools/BillingPortal/vendor/cakephp/cakephp/src/Controller/Controller.php, line 773
Cake\Error\Renderer\WebExceptionRenderer::_outputMessage() /home/jessie/Projects/FlawlessPools/BillingPortal/vendor/cakephp/cakephp/src/Error/Renderer/WebExceptionRenderer.php, line 421
Cake\Error\Renderer\WebExceptionRenderer::render() /home/jessie/Projects/FlawlessPools/BillingPortal/vendor/cakephp/cakephp/src/Error/Renderer/WebExceptionRenderer.php, line 292
Cake\Error\Middleware\ErrorHandlerMiddleware::handleException() /home/jessie/Projects/FlawlessPools/BillingPortal/vendor/cakephp/cakephp/src/Error/Middleware/ErrorHandlerMiddleware.php, line 162
Cake\Error\Middleware\ErrorHandlerMiddleware::process() /home/jessie/Projects/FlawlessPools/BillingPortal/vendor/cakephp/cakephp/src/Error/Middleware/ErrorHandlerMiddleware.php, line 135
Cake\Http\Runner::handle() /home/jessie/Projects/FlawlessPools/BillingPortal/vendor/cakephp/cakephp/src/Http/Runner.php, line 82
Cake\Http\Runner::run() /home/jessie/Projects/FlawlessPools/BillingPortal/vendor/cakephp/cakephp/src/Http/Runner.php, line 67
Cake\Http\Server::run() /home/jessie/Projects/FlawlessPools/BillingPortal/vendor/cakephp/cakephp/src/Http/Server.php, line 90
[main] /home/jessie/Projects/FlawlessPools/BillingPortal/webroot/index.php, line 40

2023-03-10 15:31:19 notice: strpos(): Passing null to parameter #1 ($haystack) of type string is deprecated
Request URL: /assets/img/mmd.png
Referer URL: http://198.74.51.219:8765/about
Client IP: 67.187.138.105
Trace:
strpos [internal], line ??
include /home/jessie/Projects/FlawlessPools/BillingPortal/vendor/cakephp/cakephp/templates/Error/missing_controller.php, line 24
Cake\View\View::_evaluate() /home/jessie/Projects/FlawlessPools/BillingPortal/vendor/cakephp/cakephp/src/View/View.php, line 1220
Cake\View\View::_render() /home/jessie/Projects/FlawlessPools/BillingPortal/vendor/cakephp/cakephp/src/View/View.php, line 1177
Cake\View\View::render() /home/jessie/Projects/FlawlessPools/BillingPortal/vendor/cakephp/cakephp/src/View/View.php, line 808
Cake\Controller\Controller::render() /home/jessie/Projects/FlawlessPools/BillingPortal/vendor/cakephp/cakephp/src/Controller/Controller.php, line 773
Cake\Error\Renderer\WebExceptionRenderer::_outputMessage() /home/jessie/Projects/FlawlessPools/BillingPortal/vendor/cakephp/cakephp/src/Error/Renderer/WebExceptionRenderer.php, line 421
Cake\Error\Renderer\WebExceptionRenderer::render() /home/jessie/Projects/FlawlessPools/BillingPortal/vendor/cakephp/cakephp/src/Error/Renderer/WebExceptionRenderer.php, line 292
Cake\Error\Middleware\ErrorHandlerMiddleware::handleException() /home/jessie/Projects/FlawlessPools/BillingPortal/vendor/cakephp/cakephp/src/Error/Middleware/ErrorHandlerMiddleware.php, line 162
Cake\Error\Middleware\ErrorHandlerMiddleware::process() /home/jessie/Projects/FlawlessPools/BillingPortal/vendor/cakephp/cakephp/src/Error/Middleware/ErrorHandlerMiddleware.php, line 135
Cake\Http\Runner::handle() /home/jessie/Projects/FlawlessPools/BillingPortal/vendor/cakephp/cakephp/src/Http/Runner.php, line 82
Cake\Http\Runner::run() /home/jessie/Projects/FlawlessPools/BillingPortal/vendor/cakephp/cakephp/src/Http/Runner.php, line 67
Cake\Http\Server::run() /home/jessie/Projects/FlawlessPools/BillingPortal/vendor/cakephp/cakephp/src/Http/Server.php, line 90
[main] /home/jessie/Projects/FlawlessPools/BillingPortal/webroot/index.php, line 40

2023-03-10 15:31:19 notice: strpos(): Passing null to parameter #1 ($haystack) of type string is deprecated
Request URL: /assets/img/mmd.png
Referer URL: http://198.74.51.219:8765/about
Client IP: 67.187.138.105
Trace:
strpos [internal], line ??
include /home/jessie/Projects/FlawlessPools/BillingPortal/vendor/cakephp/cakephp/templates/Error/missing_controller.php, line 24
Cake\View\View::_evaluate() /home/jessie/Projects/FlawlessPools/BillingPortal/vendor/cakephp/cakephp/src/View/View.php, line 1220
Cake\View\View::_render() /home/jessie/Projects/FlawlessPools/BillingPortal/vendor/cakephp/cakephp/src/View/View.php, line 1177
Cake\View\View::render() /home/jessie/Projects/FlawlessPools/BillingPortal/vendor/cakephp/cakephp/src/View/View.php, line 808
Cake\Controller\Controller::render() /home/jessie/Projects/FlawlessPools/BillingPortal/vendor/cakephp/cakephp/src/Controller/Controller.php, line 773
Cake\Error\Renderer\WebExceptionRenderer::_outputMessage() /home/jessie/Projects/FlawlessPools/BillingPortal/vendor/cakephp/cakephp/src/Error/Renderer/WebExceptionRenderer.php, line 421
Cake\Error\Renderer\WebExceptionRenderer::render() /home/jessie/Projects/FlawlessPools/BillingPortal/vendor/cakephp/cakephp/src/Error/Renderer/WebExceptionRenderer.php, line 292
Cake\Error\Middleware\ErrorHandlerMiddleware::handleException() /home/jessie/Projects/FlawlessPools/BillingPortal/vendor/cakephp/cakephp/src/Error/Middleware/ErrorHandlerMiddleware.php, line 162
Cake\Error\Middleware\ErrorHandlerMiddleware::process() /home/jessie/Projects/FlawlessPools/BillingPortal/vendor/cakephp/cakephp/src/Error/Middleware/ErrorHandlerMiddleware.php, line 135
Cake\Http\Runner::handle() /home/jessie/Projects/FlawlessPools/BillingPortal/vendor/cakephp/cakephp/src/Http/Runner.php, line 82
Cake\Http\Runner::run() /home/jessie/Projects/FlawlessPools/BillingPortal/vendor/cakephp/cakephp/src/Http/Runner.php, line 67
Cake\Http\Server::run() /home/jessie/Projects/FlawlessPools/BillingPortal/vendor/cakephp/cakephp/src/Http/Server.php, line 90
[main] /home/jessie/Projects/FlawlessPools/BillingPortal/webroot/index.php, line 40

2023-03-10 15:31:28 notice: strpos(): Passing null to parameter #1 ($haystack) of type string is deprecated
Request URL: /assets/img/mmd.png
Referer URL: http://198.74.51.219:8765/contact
Client IP: 67.187.138.105
Trace:
strpos [internal], line ??
include /home/jessie/Projects/FlawlessPools/BillingPortal/vendor/cakephp/cakephp/templates/Error/missing_controller.php, line 24
Cake\View\View::_evaluate() /home/jessie/Projects/FlawlessPools/BillingPortal/vendor/cakephp/cakephp/src/View/View.php, line 1220
Cake\View\View::_render() /home/jessie/Projects/FlawlessPools/BillingPortal/vendor/cakephp/cakephp/src/View/View.php, line 1177
Cake\View\View::render() /home/jessie/Projects/FlawlessPools/BillingPortal/vendor/cakephp/cakephp/src/View/View.php, line 808
Cake\Controller\Controller::render() /home/jessie/Projects/FlawlessPools/BillingPortal/vendor/cakephp/cakephp/src/Controller/Controller.php, line 773
Cake\Error\Renderer\WebExceptionRenderer::_outputMessage() /home/jessie/Projects/FlawlessPools/BillingPortal/vendor/cakephp/cakephp/src/Error/Renderer/WebExceptionRenderer.php, line 421
Cake\Error\Renderer\WebExceptionRenderer::render() /home/jessie/Projects/FlawlessPools/BillingPortal/vendor/cakephp/cakephp/src/Error/Renderer/WebExceptionRenderer.php, line 292
Cake\Error\Middleware\ErrorHandlerMiddleware::handleException() /home/jessie/Projects/FlawlessPools/BillingPortal/vendor/cakephp/cakephp/src/Error/Middleware/ErrorHandlerMiddleware.php, line 162
Cake\Error\Middleware\ErrorHandlerMiddleware::process() /home/jessie/Projects/FlawlessPools/BillingPortal/vendor/cakephp/cakephp/src/Error/Middleware/ErrorHandlerMiddleware.php, line 135
Cake\Http\Runner::handle() /home/jessie/Projects/FlawlessPools/BillingPortal/vendor/cakephp/cakephp/src/Http/Runner.php, line 82
Cake\Http\Runner::run() /home/jessie/Projects/FlawlessPools/BillingPortal/vendor/cakephp/cakephp/src/Http/Runner.php, line 67
Cake\Http\Server::run() /home/jessie/Projects/FlawlessPools/BillingPortal/vendor/cakephp/cakephp/src/Http/Server.php, line 90
[main] /home/jessie/Projects/FlawlessPools/BillingPortal/webroot/index.php, line 40

2023-03-10 15:31:28 notice: strpos(): Passing null to parameter #1 ($haystack) of type string is deprecated
Request URL: /assets/img/mmd.png
Referer URL: http://198.74.51.219:8765/contact
Client IP: 67.187.138.105
Trace:
strpos [internal], line ??
include /home/jessie/Projects/FlawlessPools/BillingPortal/vendor/cakephp/cakephp/templates/Error/missing_controller.php, line 24
Cake\View\View::_evaluate() /home/jessie/Projects/FlawlessPools/BillingPortal/vendor/cakephp/cakephp/src/View/View.php, line 1220
Cake\View\View::_render() /home/jessie/Projects/FlawlessPools/BillingPortal/vendor/cakephp/cakephp/src/View/View.php, line 1177
Cake\View\View::render() /home/jessie/Projects/FlawlessPools/BillingPortal/vendor/cakephp/cakephp/src/View/View.php, line 808
Cake\Controller\Controller::render() /home/jessie/Projects/FlawlessPools/BillingPortal/vendor/cakephp/cakephp/src/Controller/Controller.php, line 773
Cake\Error\Renderer\WebExceptionRenderer::_outputMessage() /home/jessie/Projects/FlawlessPools/BillingPortal/vendor/cakephp/cakephp/src/Error/Renderer/WebExceptionRenderer.php, line 421
Cake\Error\Renderer\WebExceptionRenderer::render() /home/jessie/Projects/FlawlessPools/BillingPortal/vendor/cakephp/cakephp/src/Error/Renderer/WebExceptionRenderer.php, line 292
Cake\Error\Middleware\ErrorHandlerMiddleware::handleException() /home/jessie/Projects/FlawlessPools/BillingPortal/vendor/cakephp/cakephp/src/Error/Middleware/ErrorHandlerMiddleware.php, line 162
Cake\Error\Middleware\ErrorHandlerMiddleware::process() /home/jessie/Projects/FlawlessPools/BillingPortal/vendor/cakephp/cakephp/src/Error/Middleware/ErrorHandlerMiddleware.php, line 135
Cake\Http\Runner::handle() /home/jessie/Projects/FlawlessPools/BillingPortal/vendor/cakephp/cakephp/src/Http/Runner.php, line 82
Cake\Http\Runner::run() /home/jessie/Projects/FlawlessPools/BillingPortal/vendor/cakephp/cakephp/src/Http/Runner.php, line 67
Cake\Http\Server::run() /home/jessie/Projects/FlawlessPools/BillingPortal/vendor/cakephp/cakephp/src/Http/Server.php, line 90
[main] /home/jessie/Projects/FlawlessPools/BillingPortal/webroot/index.php, line 40

